This file contains any messages produced by compilers while
running configure, to aid debugging if configure makes a mistake.

It was created by flex configure 2.5.33, which was
generated by GNU Autoconf 2.59.  Invocation command line was

  $ ./configure --host=mipsel-linux CC=/opt/buildroot-gcc342/bin/mipsel-linux-gcc

## --------- ##
## Platform. ##
## --------- ##

hostname = localhost.localdomain
uname -m = i686
uname -r = 2.6.18-1.2798.fc6
uname -s = Linux
uname -v = #1 SMP Mon Oct 16 14:54:20 EDT 2006

/usr/bin/uname -p = unknown
/bin/uname -X     = unknown

/bin/arch              = i686
/usr/bin/arch -k       = unknown
/usr/convex/getsysinfo = unknown
hostinfo               = unknown
/bin/machine           = unknown
/usr/bin/oslevel       = unknown
/bin/universe          = unknown

PATH: /usr/kerberos/bin
PATH: /usr/local/bin
PATH: /bin
PATH: /usr/bin
PATH: /home/terence/bin


## ----------- ##
## Core tests. ##
## ----------- ##

configure:1378: checking for a BSD-compatible install
configure:1433: result: /usr/bin/install -c
configure:1444: checking whether build environment is sane
configure:1487: result: yes
configure:1520: checking for gawk
configure:1536: found /bin/gawk
configure:1546: result: gawk
configure:1556: checking whether make sets $(MAKE)
configure:1576: result: yes
configure:1655: checking for mipsel-linux-strip
configure:1684: result: no
configure:1693: checking for strip
configure:1709: found /usr/bin/strip
configure:1720: result: strip
configure:1758: checking whether NLS is requested
configure:1767: result: yes
configure:1805: checking for msgfmt
configure:1836: result: /usr/bin/msgfmt
configure:1845: checking for gmsgfmt
configure:1876: result: /usr/bin/msgfmt
configure:1915: checking for xgettext
configure:1946: result: /usr/bin/xgettext
configure:1986: checking for msgmerge
configure:2016: result: /usr/bin/msgmerge
configure:2079: checking for style of include used by make
configure:2107: result: GNU
configure:2140: checking for mipsel-linux-gcc
configure:2166: result: /opt/buildroot-gcc342/bin/mipsel-linux-gcc
configure:2448: checking for C compiler version
configure:2451: /opt/buildroot-gcc342/bin/mipsel-linux-gcc --version </dev/null >&5
mipsel-linux-gcc (GCC) 3.4.2
Copyright (C) 2004 Free Software Foundation, Inc.
This is free software; see the source for copying conditions.  There is NO
warranty; not even for MERCHANTABILITY or FITNESS FOR A PARTICULAR PURPOSE.

configure:2454: $? = 0
configure:2456: /opt/buildroot-gcc342/bin/mipsel-linux-gcc -v </dev/null >&5
Reading specs from /opt/buildroot-gcc342/bin/../lib/gcc/mipsel-linux-uclibc/3.4.2/specs
Configured with: /home/winfred/RT288x_SDK/toolchain/buildroot/toolchain_build_mipsel/gcc-3.4.2/configure --prefix=/home/winfred/RT288x_SDK/toolchain/buildroot-gdb --build=i386-pc-linux-gnu --host=i386-pc-linux-gnu --target=mipsel-linux-uclibc --enable-languages=c,c++ --disable-__cxa_atexit --enable-target-optspace --with-gnu-ld --disable-shared --disable-nls --enable-threads --enable-multilib --enable-sjlj-exceptions : (reconfigured) /home/winfred/RT288x_SDK/toolchain/buildroot/toolchain_build_mipsel/gcc-3.4.2/configure --prefix=/home/winfred/RT288x_SDK/toolchain/buildroot-gdb --build=i386-pc-linux-gnu --host=i386-pc-linux-gnu --target=mipsel-linux-uclibc --enable-languages=c,c++ --disable-__cxa_atexit --enable-target-optspace --with-gnu-ld --disable-shared --disable-nls --enable-threads --enable-multilib --enable-sjlj-exceptions
Thread model: posix
gcc version 3.4.2
configure:2459: $? = 0
configure:2461: /opt/buildroot-gcc342/bin/mipsel-linux-gcc -V </dev/null >&5
mipsel-linux-gcc: `-V' option must have argument
configure:2464: $? = 1
configure:2487: checking for C compiler default output file name
configure:2490: /opt/buildroot-gcc342/bin/mipsel-linux-gcc    conftest.c  >&5
configure:2493: $? = 0
configure:2539: result: a.out
configure:2544: checking whether the C compiler works
configure:2550: ./a.out
./configure: line 2551: ./a.out: cannot execute binary file
configure:2553: $? = 126
configure:2570: result: yes
configure:2577: checking whether we are cross compiling
configure:2579: result: yes
configure:2582: checking for suffix of executables
configure:2584: /opt/buildroot-gcc342/bin/mipsel-linux-gcc -o conftest    conftest.c  >&5
configure:2587: $? = 0
configure:2612: result: 
configure:2618: checking for suffix of object files
configure:2639: /opt/buildroot-gcc342/bin/mipsel-linux-gcc -c   conftest.c >&5
configure:2642: $? = 0
configure:2664: result: o
configure:2668: checking whether we are using the GNU C compiler
configure:2692: /opt/buildroot-gcc342/bin/mipsel-linux-gcc -c   conftest.c >&5
configure:2698: $? = 0
configure:2702: test -z 
			 || test ! -s conftest.err
configure:2705: $? = 0
configure:2708: test -s conftest.o
configure:2711: $? = 0
configure:2724: result: yes
configure:2730: checking whether /opt/buildroot-gcc342/bin/mipsel-linux-gcc accepts -g
configure:2751: /opt/buildroot-gcc342/bin/mipsel-linux-gcc -c -g  conftest.c >&5
configure:2757: $? = 0
configure:2761: test -z 
			 || test ! -s conftest.err
configure:2764: $? = 0
configure:2767: test -s conftest.o
configure:2770: $? = 0
configure:2781: result: yes
configure:2798: checking for /opt/buildroot-gcc342/bin/mipsel-linux-gcc option to accept ANSI C
configure:2868: /opt/buildroot-gcc342/bin/mipsel-linux-gcc  -c -g -O2  conftest.c >&5
configure:2874: $? = 0
configure:2878: test -z 
			 || test ! -s conftest.err
configure:2881: $? = 0
configure:2884: test -s conftest.o
configure:2887: $? = 0
configure:2905: result: none needed
configure:2923: /opt/buildroot-gcc342/bin/mipsel-linux-gcc -c -g -O2  conftest.c >&5
conftest.c:2: error: parse error before "me"
configure:2929: $? = 1
configure: failed program was:
| #ifndef __cplusplus
|   choke me
| #endif
configure:3064: checking dependency style of /opt/buildroot-gcc342/bin/mipsel-linux-gcc
configure:3147: result: gcc3
configure:3170: checking build system type
configure:3188: result: i686-pc-linux-gnu
configure:3196: checking host system type
configure:3210: result: mipsel-unknown-linux-gnu
configure:3242: checking for ld used by GCC
configure:3305: result: /opt/buildroot-gcc342/mipsel-linux-uclibc/bin/ld
configure:3314: checking if the linker (/opt/buildroot-gcc342/mipsel-linux-uclibc/bin/ld) is GNU ld
GNU ld version 2.16.91.0.7 20060317
configure:3326: result: yes
configure:3332: checking for shared library run path origin
configure:3345: result: done
configure:3762: checking whether NLS is requested
configure:3771: result: yes
configure:3789: checking for GNU gettext in libc
configure:3813: /opt/buildroot-gcc342/bin/mipsel-linux-gcc -o conftest -g -O2   conftest.c  >&5
conftest.c:11:21: libintl.h: No such file or directory
configure:3819: $? = 1
configure: failed program was:
| /* confdefs.h.  */
| 
| #define PACKAGE_NAME "flex"
| #define PACKAGE_TARNAME "flex"
| #define PACKAGE_VERSION "2.5.33"
| #define PACKAGE_STRING "flex 2.5.33"
| #define PACKAGE_BUGREPORT "flex-help@lists.sourceforge.net"
| #define PACKAGE "flex"
| #define VERSION "2.5.33"
| /* end confdefs.h.  */
| #include <libintl.h>
| extern int _nl_msg_cat_cntr;
| extern int *_nl_domain_bindings;
| int
| main ()
| {
| bindtextdomain ("", "");
| return (int) gettext ("") + _nl_msg_cat_cntr + *_nl_domain_bindings
|   ;
|   return 0;
| }
configure:3844: result: no
configure:3878: checking for iconv
configure:3905: /opt/buildroot-gcc342/bin/mipsel-linux-gcc -o conftest -g -O2   conftest.c  >&5
conftest.c:12:19: iconv.h: No such file or directory
conftest.c: In function `main':
conftest.c:16: error: `iconv_t' undeclared (first use in this function)
conftest.c:16: error: (Each undeclared identifier is reported only once
conftest.c:16: error: for each function it appears in.)
conftest.c:16: error: parse error before "cd"
conftest.c:17: error: `cd' undeclared (first use in this function)
configure:3911: $? = 1
configure: failed program was:
| /* confdefs.h.  */
| 
| #define PACKAGE_NAME "flex"
| #define PACKAGE_TARNAME "flex"
| #define PACKAGE_VERSION "2.5.33"
| #define PACKAGE_STRING "flex 2.5.33"
| #define PACKAGE_BUGREPORT "flex-help@lists.sourceforge.net"
| #define PACKAGE "flex"
| #define VERSION "2.5.33"
| /* end confdefs.h.  */
| #include <stdlib.h>
| #include <iconv.h>
| int
| main ()
| {
| iconv_t cd = iconv_open("","");
|        iconv(cd,NULL,NULL,NULL,NULL);
|        iconv_close(cd);
|   ;
|   return 0;
| }
configure:3956: /opt/buildroot-gcc342/bin/mipsel-linux-gcc -o conftest -g -O2   conftest.c  /usr/local/lib/libiconv.so -Wl,-rpath -Wl,/usr/local/lib >&5
conftest.c:12:19: iconv.h: No such file or directory
conftest.c: In function `main':
conftest.c:16: error: `iconv_t' undeclared (first use in this function)
conftest.c:16: error: (Each undeclared identifier is reported only once
conftest.c:16: error: for each function it appears in.)
conftest.c:16: error: parse error before "cd"
conftest.c:17: error: `cd' undeclared (first use in this function)
configure:3962: $? = 1
configure: failed program was:
| /* confdefs.h.  */
| 
| #define PACKAGE_NAME "flex"
| #define PACKAGE_TARNAME "flex"
| #define PACKAGE_VERSION "2.5.33"
| #define PACKAGE_STRING "flex 2.5.33"
| #define PACKAGE_BUGREPORT "flex-help@lists.sourceforge.net"
| #define PACKAGE "flex"
| #define VERSION "2.5.33"
| /* end confdefs.h.  */
| #include <stdlib.h>
| #include <iconv.h>
| int
| main ()
| {
| iconv_t cd = iconv_open("","");
|          iconv(cd,NULL,NULL,NULL,NULL);
|          iconv_close(cd);
|   ;
|   return 0;
| }
configure:3990: result: no, consider installing GNU libiconv
configure:4391: checking for GNU gettext in libintl
configure:4423: /opt/buildroot-gcc342/bin/mipsel-linux-gcc -o conftest -g -O2    conftest.c  -lintl >&5
conftest.c:11:21: libintl.h: No such file or directory
configure:4429: $? = 1
configure: failed program was:
| /* confdefs.h.  */
| 
| #define PACKAGE_NAME "flex"
| #define PACKAGE_TARNAME "flex"
| #define PACKAGE_VERSION "2.5.33"
| #define PACKAGE_STRING "flex 2.5.33"
| #define PACKAGE_BUGREPORT "flex-help@lists.sourceforge.net"
| #define PACKAGE "flex"
| #define VERSION "2.5.33"
| /* end confdefs.h.  */
| #include <libintl.h>
| extern int _nl_msg_cat_cntr;
| extern
| #ifdef __cplusplus
| "C"
| #endif
| const char *_nl_expand_alias ();
| int
| main ()
| {
| bindtextdomain ("", "");
| return (int) gettext ("") + _nl_msg_cat_cntr + *_nl_expand_alias (0)
|   ;
|   return 0;
| }
configure:4514: result: no
configure:4543: checking whether to use NLS
configure:4545: result: no
configure:4626: checking for bison
configure:4642: found /usr/bin/bison
configure:4652: result: bison -y
configure:4667: checking for flex
configure:4683: found /usr/bin/flex
configure:4693: result: flex
configure:4706: checking for yywrap in -lfl
configure:4736: /opt/buildroot-gcc342/bin/mipsel-linux-gcc -o conftest -g -O2   conftest.c -lfl   >&5
/opt/buildroot-gcc342/bin/../lib/gcc/mipsel-linux-uclibc/3.4.2/../../../../mipsel-linux-uclibc/bin/ld: cannot find -lfl
collect2: ld returned 1 exit status
configure:4742: $? = 1
configure: failed program was:
| /* confdefs.h.  */
| 
| #define PACKAGE_NAME "flex"
| #define PACKAGE_TARNAME "flex"
| #define PACKAGE_VERSION "2.5.33"
| #define PACKAGE_STRING "flex 2.5.33"
| #define PACKAGE_BUGREPORT "flex-help@lists.sourceforge.net"
| #define PACKAGE "flex"
| #define VERSION "2.5.33"
| /* end confdefs.h.  */
| 
| /* Override any gcc2 internal prototype to avoid an error.  */
| #ifdef __cplusplus
| extern "C"
| #endif
| /* We use char because int might match the return type of a gcc2
|    builtin and then its argument prototype would still apply.  */
| char yywrap ();
| int
| main ()
| {
| yywrap ();
|   ;
|   return 0;
| }
configure:4768: result: no
configure:4773: checking for yywrap in -ll
configure:4803: /opt/buildroot-gcc342/bin/mipsel-linux-gcc -o conftest -g -O2   conftest.c -ll   >&5
/opt/buildroot-gcc342/bin/../lib/gcc/mipsel-linux-uclibc/3.4.2/../../../../mipsel-linux-uclibc/bin/ld: cannot find -ll
collect2: ld returned 1 exit status
configure:4809: $? = 1
configure: failed program was:
| /* confdefs.h.  */
| 
| #define PACKAGE_NAME "flex"
| #define PACKAGE_TARNAME "flex"
| #define PACKAGE_VERSION "2.5.33"
| #define PACKAGE_STRING "flex 2.5.33"
| #define PACKAGE_BUGREPORT "flex-help@lists.sourceforge.net"
| #define PACKAGE "flex"
| #define VERSION "2.5.33"
| /* end confdefs.h.  */
| 
| /* Override any gcc2 internal prototype to avoid an error.  */
| #ifdef __cplusplus
| extern "C"
| #endif
| /* We use char because int might match the return type of a gcc2
|    builtin and then its argument prototype would still apply.  */
| char yywrap ();
| int
| main ()
| {
| yywrap ();
|   ;
|   return 0;
| }
configure:4835: result: no
configure:4846: checking lex output file root
configure:4857: flex conftest.l
configure:4860: $? = 0
configure:4872: result: lex.yy
configure:4877: checking whether yytext is a pointer
configure:4893: /opt/buildroot-gcc342/bin/mipsel-linux-gcc -o conftest -g -O2   conftest.c   >&5
/opt/buildroot-gcc342/bin/../lib/gcc/mipsel-linux-uclibc/3.4.2/../../../../mipsel-linux-uclibc/lib/crt1.o: In function `__start':crt1.S:(.text+0x1c): undefined reference to `main'
/tmp/ccIl32G1.o: In function `yylex':/home/terence/Belkin_F5D8235-4_v2000_20081113_SDK3200/Belkin_F5D8235-4_v2000_20081112_SDK3200/user/flex-2.5.33/lex.yy.c:690: undefined reference to `yywrap'
collect2: ld returned 1 exit status
configure:4899: $? = 1
configure: failed program was:
| /* A lexical scanner generated by flex*/
| 
| /* Scanner skeleton version:
|  * $Header: /home/daffy/u0/vern/flex/RCS/flex.skl,v 2.91 96/09/10 16:58:48 vern Exp $
|  */
| 
| #define FLEX_SCANNER
| #define YY_FLEX_MAJOR_VERSION 2
| #define YY_FLEX_MINOR_VERSION 5
| 
| #include <stdio.h>
| #include <unistd.h>
| 
| 
| /* cfront 1.2 defines "c_plusplus" instead of "__cplusplus" */
| #ifdef c_plusplus
| #ifndef __cplusplus
| #define __cplusplus
| #endif
| #endif
| 
| 
| #ifdef __cplusplus
| 
| #include <stdlib.h>
| 
| /* Use prototypes in function declarations. */
| #define YY_USE_PROTOS
| 
| /* The "const" storage-class-modifier is valid. */
| #define YY_USE_CONST
| 
| #else	/* ! __cplusplus */
| 
| #if __STDC__
| 
| #define YY_USE_PROTOS
| #define YY_USE_CONST
| 
| #endif	/* __STDC__ */
| #endif	/* ! __cplusplus */
| 
| #ifdef __TURBOC__
|  #pragma warn -rch
|  #pragma warn -use
| #include <io.h>
| #include <stdlib.h>
| #define YY_USE_CONST
| #define YY_USE_PROTOS
| #endif
| 
| #ifdef YY_USE_CONST
| #define yyconst const
| #else
| #define yyconst
| #endif
| 
| 
| #ifdef YY_USE_PROTOS
| #define YY_PROTO(proto) proto
| #else
| #define YY_PROTO(proto) ()
| #endif
| 
| /* Returned upon end-of-file. */
| #define YY_NULL 0
| 
| /* Promotes a possibly negative, possibly signed char to an unsigned
|  * integer for use as an array index.  If the signed char is negative,
|  * we want to instead treat it as an 8-bit unsigned char, hence the
|  * double cast.
|  */
| #define YY_SC_TO_UI(c) ((unsigned int) (unsigned char) c)
| 
| /* Enter a start condition.  This macro really ought to take a parameter,
|  * but we do it the disgusting crufty way forced on us by the ()-less
|  * definition of BEGIN.
|  */
| #define BEGIN yy_start = 1 + 2 *
| 
| /* Translate the current start state into a value that can be later handed
|  * to BEGIN to return to the state.  The YYSTATE alias is for lex
|  * compatibility.
|  */
| #define YY_START ((yy_start - 1) / 2)
| #define YYSTATE YY_START
| 
| /* Action number for EOF rule of a given start state. */
| #define YY_STATE_EOF(state) (YY_END_OF_BUFFER + state + 1)
| 
| /* Special action meaning "start processing a new file". */
| #define YY_NEW_FILE yyrestart( yyin )
| 
| #define YY_END_OF_BUFFER_CHAR 0
| 
| /* Size of default input buffer. */
| #define YY_BUF_SIZE 16384
| 
| typedef struct yy_buffer_state *YY_BUFFER_STATE;
| 
| extern int yyleng;
| extern FILE *yyin, *yyout;
| 
| #define EOB_ACT_CONTINUE_SCAN 0
| #define EOB_ACT_END_OF_FILE 1
| #define EOB_ACT_LAST_MATCH 2
| 
| /* The funky do-while in the following #define is used to turn the definition
|  * int a single C statement (which needs a semi-colon terminator).  This
|  * avoids problems with code like:
|  *
|  * 	if ( condition_holds )
|  *		yyless( 5 );
|  *	else
|  *		do_something_else();
|  *
|  * Prior to using the do-while the compiler would get upset at the
|  * "else" because it interpreted the "if" statement as being all
|  * done when it reached the ';' after the yyless() call.
|  */
| 
| /* Return all but the first 'n' matched characters back to the input stream. */
| 
| #define yyless(n) \
| 	do \
| 		{ \
| 		/* Undo effects of setting up yytext. */ \
| 		*yy_cp = yy_hold_char; \
| 		YY_RESTORE_YY_MORE_OFFSET \
| 		yy_c_buf_p = yy_cp = yy_bp + n - YY_MORE_ADJ; \
| 		YY_DO_BEFORE_ACTION; /* set up yytext again */ \
| 		} \
| 	while ( 0 )
| 
| #define unput(c) yyunput( c, yytext_ptr )
| 
| /* Some routines like yy_flex_realloc() are emitted as static but are
|    not called by all lexers. This generates warnings in some compilers,
|    notably GCC. Arrange to suppress these. */
| #ifdef __GNUC__
| #define YY_MAY_BE_UNUSED __attribute__((unused))
| #else
| #define YY_MAY_BE_UNUSED
| #endif
| 
| /* The following is because we cannot portably get our hands on size_t
|  * (without autoconf's help, which isn't available because we want
|  * flex-generated scanners to compile on their own).
|  */
| typedef unsigned int yy_size_t;
| 
| 
| struct yy_buffer_state
| 	{
| 	FILE *yy_input_file;
| 
| 	char *yy_ch_buf;		/* input buffer */
| 	char *yy_buf_pos;		/* current position in input buffer */
| 
| 	/* Size of input buffer in bytes, not including room for EOB
| 	 * characters.
| 	 */
| 	yy_size_t yy_buf_size;
| 
| 	/* Number of characters read into yy_ch_buf, not including EOB
| 	 * characters.
| 	 */
| 	int yy_n_chars;
| 
| 	/* Whether we "own" the buffer - i.e., we know we created it,
| 	 * and can realloc() it to grow it, and should free() it to
| 	 * delete it.
| 	 */
| 	int yy_is_our_buffer;
| 
| 	/* Whether this is an "interactive" input source; if so, and
| 	 * if we're using stdio for input, then we want to use getc()
| 	 * instead of fread(), to make sure we stop fetching input after
| 	 * each newline.
| 	 */
| 	int yy_is_interactive;
| 
| 	/* Whether we're considered to be at the beginning of a line.
| 	 * If so, '^' rules will be active on the next match, otherwise
| 	 * not.
| 	 */
| 	int yy_at_bol;
| 
| 	/* Whether to try to fill the input buffer when we reach the
| 	 * end of it.
| 	 */
| 	int yy_fill_buffer;
| 
| 	int yy_buffer_status;
| #define YY_BUFFER_NEW 0
| #define YY_BUFFER_NORMAL 1
| 	/* When an EOF's been seen but there's still some text to process
| 	 * then we mark the buffer as YY_EOF_PENDING, to indicate that we
| 	 * shouldn't try reading from the input source any more.  We might
| 	 * still have a bunch of tokens to match, though, because of
| 	 * possible backing-up.
| 	 *
| 	 * When we actually see the EOF, we change the status to "new"
| 	 * (via yyrestart()), so that the user can continue scanning by
| 	 * just pointing yyin at a new input file.
| 	 */
| #define YY_BUFFER_EOF_PENDING 2
| 	};
| 
| static YY_BUFFER_STATE yy_current_buffer = 0;
| 
| /* We provide macros for accessing buffer states in case in the
|  * future we want to put the buffer states in a more general
|  * "scanner state".
|  */
| #define YY_CURRENT_BUFFER yy_current_buffer
| 
| 
| /* yy_hold_char holds the character lost when yytext is formed. */
| static char yy_hold_char;
| 
| static int yy_n_chars;		/* number of characters read into yy_ch_buf */
| 
| 
| int yyleng;
| 
| /* Points to current character in buffer. */
| static char *yy_c_buf_p = (char *) 0;
| static int yy_init = 1;		/* whether we need to initialize */
| static int yy_start = 0;	/* start state number */
| 
| /* Flag which is used to allow yywrap()'s to do buffer switches
|  * instead of setting up a fresh yyin.  A bit of a hack ...
|  */
| static int yy_did_buffer_switch_on_eof;
| 
| void yyrestart YY_PROTO(( FILE *input_file ));
| 
| void yy_switch_to_buffer YY_PROTO(( YY_BUFFER_STATE new_buffer ));
| void yy_load_buffer_state YY_PROTO(( void ));
| YY_BUFFER_STATE yy_create_buffer YY_PROTO(( FILE *file, int size ));
| void yy_delete_buffer YY_PROTO(( YY_BUFFER_STATE b ));
| void yy_init_buffer YY_PROTO(( YY_BUFFER_STATE b, FILE *file ));
| void yy_flush_buffer YY_PROTO(( YY_BUFFER_STATE b ));
| #define YY_FLUSH_BUFFER yy_flush_buffer( yy_current_buffer )
| 
| YY_BUFFER_STATE yy_scan_buffer YY_PROTO(( char *base, yy_size_t size ));
| YY_BUFFER_STATE yy_scan_string YY_PROTO(( yyconst char *yy_str ));
| YY_BUFFER_STATE yy_scan_bytes YY_PROTO(( yyconst char *bytes, int len ));
| 
| static void *yy_flex_alloc YY_PROTO(( yy_size_t ));
| static void *yy_flex_realloc YY_PROTO(( void *, yy_size_t )) YY_MAY_BE_UNUSED;
| static void yy_flex_free YY_PROTO(( void * ));
| 
| #define yy_new_buffer yy_create_buffer
| 
| #define yy_set_interactive(is_interactive) \
| 	{ \
| 	if ( ! yy_current_buffer ) \
| 		yy_current_buffer = yy_create_buffer( yyin, YY_BUF_SIZE ); \
| 	yy_current_buffer->yy_is_interactive = is_interactive; \
| 	}
| 
| #define yy_set_bol(at_bol) \
| 	{ \
| 	if ( ! yy_current_buffer ) \
| 		yy_current_buffer = yy_create_buffer( yyin, YY_BUF_SIZE ); \
| 	yy_current_buffer->yy_at_bol = at_bol; \
| 	}
| 
| #define YY_AT_BOL() (yy_current_buffer->yy_at_bol)
| 
| typedef unsigned char YY_CHAR;
| FILE *yyin = (FILE *) 0, *yyout = (FILE *) 0;
| typedef int yy_state_type;
| extern char *yytext;
| #define yytext_ptr yytext
| 
| static yy_state_type yy_get_previous_state YY_PROTO(( void ));
| static yy_state_type yy_try_NUL_trans YY_PROTO(( yy_state_type current_state ));
| static int yy_get_next_buffer YY_PROTO(( void ));
| static void yy_fatal_error YY_PROTO(( yyconst char msg[] ));
| 
| /* Done after the current pattern has been matched and before the
|  * corresponding action - sets up yytext.
|  */
| #define YY_DO_BEFORE_ACTION \
| 	yytext_ptr = yy_bp; \
| 	yyleng = (int) (yy_cp - yy_bp); \
| 	yy_hold_char = *yy_cp; \
| 	*yy_cp = '\0'; \
| 	yy_c_buf_p = yy_cp;
| 
| #define YY_NUM_RULES 1
| #define YY_END_OF_BUFFER 2
| static yyconst short int yy_accept[6] =
|     {   0,
|         0,    0,    2,    1,    0
|     } ;
| 
| static yyconst int yy_ec[256] =
|     {   0,
|         1,    1,    1,    1,    1,    1,    1,    1,    1,    1,
|         1,    1,    1,    1,    1,    1,    1,    1,    1,    1,
|         1,    1,    1,    1,    1,    1,    1,    1,    1,    1,
|         1,    1,    1,    1,    1,    1,    1,    1,    1,    1,
|         1,    1,    1,    1,    1,    1,    1,    1,    1,    1,
|         1,    1,    1,    1,    1,    1,    1,    1,    1,    1,
|         1,    1,    1,    1,    1,    1,    1,    1,    1,    1,
|         1,    1,    1,    1,    1,    1,    1,    1,    1,    1,
|         1,    1,    1,    1,    1,    1,    1,    1,    1,    1,
|         1,    1,    1,    1,    1,    1,    1,    1,    1,    1,
| 
|         1,    1,    1,    1,    1,    1,    1,    1,    1,    1,
|         1,    1,    1,    1,    1,    1,    1,    1,    1,    1,
|         1,    1,    1,    1,    1,    1,    1,    1,    1,    1,
|         1,    1,    1,    1,    1,    1,    1,    1,    1,    1,
|         1,    1,    1,    1,    1,    1,    1,    1,    1,    1,
|         1,    1,    1,    1,    1,    1,    1,    1,    1,    1,
|         1,    1,    1,    1,    1,    1,    1,    1,    1,    1,
|         1,    1,    1,    1,    1,    1,    1,    1,    1,    1,
|         1,    1,    1,    1,    1,    1,    1,    1,    1,    1,
|         1,    1,    1,    1,    1,    1,    1,    1,    1,    1,
| 
|         1,    1,    1,    1,    1,    1,    1,    1,    1,    1,
|         1,    1,    1,    1,    1,    1,    1,    1,    1,    1,
|         1,    1,    1,    1,    1,    1,    1,    1,    1,    1,
|         1,    1,    1,    1,    1,    1,    1,    1,    1,    1,
|         1,    1,    1,    1,    1,    1,    1,    1,    1,    1,
|         1,    1,    1,    1,    1
|     } ;
| 
| static yyconst int yy_meta[2] =
|     {   0,
|         1
|     } ;
| 
| static yyconst short int yy_base[7] =
|     {   0,
|         0,    0,    2,    3,    3,    0
|     } ;
| 
| static yyconst short int yy_def[7] =
|     {   0,
|         6,    6,    5,    5,    0,    5
|     } ;
| 
| static yyconst short int yy_nxt[5] =
|     {   0,
|         4,    5,    3,    5
|     } ;
| 
| static yyconst short int yy_chk[5] =
|     {   0,
|         6,    3,    5,    5
|     } ;
| 
| static yy_state_type yy_last_accepting_state;
| static char *yy_last_accepting_cpos;
| 
| /* The intent behind this definition is that it'll catch
|  * any uses of REJECT which flex missed.
|  */
| #define REJECT reject_used_but_not_detected
| #define yymore() yymore_used_but_not_detected
| #define YY_MORE_ADJ 0
| #define YY_RESTORE_YY_MORE_OFFSET
| char *yytext;
| #line 1 "conftest.l"
| #define INITIAL 0
| #line 372 "lex.yy.c"
| 
| /* Macros after this point can all be overridden by user definitions in
|  * section 1.
|  */
| 
| #ifndef YY_SKIP_YYWRAP
| #ifdef __cplusplus
| extern "C" int yywrap YY_PROTO(( void ));
| #else
| extern int yywrap YY_PROTO(( void ));
| #endif
| #endif
| 
| #ifndef YY_NO_UNPUT
| static void yyunput YY_PROTO(( int c, char *buf_ptr ));
| #endif
| 
| #ifndef yytext_ptr
| static void yy_flex_strncpy YY_PROTO(( char *, yyconst char *, int ));
| #endif
| 
| #ifdef YY_NEED_STRLEN
| static int yy_flex_strlen YY_PROTO(( yyconst char * ));
| #endif
| 
| #ifndef YY_NO_INPUT
| #ifdef __cplusplus
| static int yyinput YY_PROTO(( void ));
| #else
| static int input YY_PROTO(( void ));
| #endif
| #endif
| 
| #if YY_STACK_USED
| static int yy_start_stack_ptr = 0;
| static int yy_start_stack_depth = 0;
| static int *yy_start_stack = 0;
| #ifndef YY_NO_PUSH_STATE
| static void yy_push_state YY_PROTO(( int new_state ));
| #endif
| #ifndef YY_NO_POP_STATE
| static void yy_pop_state YY_PROTO(( void ));
| #endif
| #ifndef YY_NO_TOP_STATE
| static int yy_top_state YY_PROTO(( void ));
| #endif
| 
| #else
| #define YY_NO_PUSH_STATE 1
| #define YY_NO_POP_STATE 1
| #define YY_NO_TOP_STATE 1
| #endif
| 
| #ifdef YY_MALLOC_DECL
| YY_MALLOC_DECL
| #else
| #if __STDC__
| #ifndef __cplusplus
| #include <stdlib.h>
| #endif
| #else
| /* Just try to get by without declaring the routines.  This will fail
|  * miserably on non-ANSI systems for which sizeof(size_t) != sizeof(int)
|  * or sizeof(void*) != sizeof(int).
|  */
| #endif
| #endif
| 
| /* Amount of stuff to slurp up with each read. */
| #ifndef YY_READ_BUF_SIZE
| #define YY_READ_BUF_SIZE 8192
| #endif
| 
| /* Copy whatever the last rule matched to the standard output. */
| 
| #ifndef ECHO
| /* This used to be an fputs(), but since the string might contain NUL's,
|  * we now use fwrite().
|  */
| #define ECHO (void) fwrite( yytext, yyleng, 1, yyout )
| #endif
| 
| /* Gets input and stuffs it into "buf".  number of characters read, or YY_NULL,
|  * is returned in "result".
|  */
| #ifndef YY_INPUT
| #define YY_INPUT(buf,result,max_size) \
| 	if ( yy_current_buffer->yy_is_interactive ) \
| 		{ \
| 		int c = '*', n; \
| 		for ( n = 0; n < max_size && \
| 			     (c = getc( yyin )) != EOF && c != '\n'; ++n ) \
| 			buf[n] = (char) c; \
| 		if ( c == '\n' ) \
| 			buf[n++] = (char) c; \
| 		if ( c == EOF && ferror( yyin ) ) \
| 			YY_FATAL_ERROR( "input in flex scanner failed" ); \
| 		result = n; \
| 		} \
| 	else if ( ((result = fread( buf, 1, max_size, yyin )) == 0) \
| 		  && ferror( yyin ) ) \
| 		YY_FATAL_ERROR( "input in flex scanner failed" );
| #endif
| 
| /* No semi-colon after return; correct usage is to write "yyterminate();" -
|  * we don't want an extra ';' after the "return" because that will cause
|  * some compilers to complain about unreachable statements.
|  */
| #ifndef yyterminate
| #define yyterminate() return YY_NULL
| #endif
| 
| /* Number of entries by which start-condition stack grows. */
| #ifndef YY_START_STACK_INCR
| #define YY_START_STACK_INCR 25
| #endif
| 
| /* Report a fatal error. */
| #ifndef YY_FATAL_ERROR
| #define YY_FATAL_ERROR(msg) yy_fatal_error( msg )
| #endif
| 
| /* Default declaration of generated scanner - a define so the user can
|  * easily add parameters.
|  */
| #ifndef YY_DECL
| #define YY_DECL int yylex YY_PROTO(( void ))
| #endif
| 
| /* Code executed at the beginning of each rule, after yytext and yyleng
|  * have been set up.
|  */
| #ifndef YY_USER_ACTION
| #define YY_USER_ACTION
| #endif
| 
| /* Code executed at the end of each rule. */
| #ifndef YY_BREAK
| #define YY_BREAK break;
| #endif
| 
| #define YY_RULE_SETUP \
| 	YY_USER_ACTION
| 
| YY_DECL
| 	{
| 	register yy_state_type yy_current_state;
| 	register char *yy_cp = NULL, *yy_bp = NULL;
| 	register int yy_act;
| 
| #line 1 "conftest.l"
| 
| #line 525 "lex.yy.c"
| 
| 	if ( yy_init )
| 		{
| 		yy_init = 0;
| 
| #ifdef YY_USER_INIT
| 		YY_USER_INIT;
| #endif
| 
| 		if ( ! yy_start )
| 			yy_start = 1;	/* first start state */
| 
| 		if ( ! yyin )
| 			yyin = stdin;
| 
| 		if ( ! yyout )
| 			yyout = stdout;
| 
| 		if ( ! yy_current_buffer )
| 			yy_current_buffer =
| 				yy_create_buffer( yyin, YY_BUF_SIZE );
| 
| 		yy_load_buffer_state();
| 		}
| 
| 	while ( 1 )		/* loops until end-of-file is reached */
| 		{
| 		yy_cp = yy_c_buf_p;
| 
| 		/* Support of yytext. */
| 		*yy_cp = yy_hold_char;
| 
| 		/* yy_bp points to the position in yy_ch_buf of the start of
| 		 * the current run.
| 		 */
| 		yy_bp = yy_cp;
| 
| 		yy_current_state = yy_start;
| yy_match:
| 		do
| 			{
| 			register YY_CHAR yy_c = yy_ec[YY_SC_TO_UI(*yy_cp)];
| 			if ( yy_accept[yy_current_state] )
| 				{
| 				yy_last_accepting_state = yy_current_state;
| 				yy_last_accepting_cpos = yy_cp;
| 				}
| 			while ( yy_chk[yy_base[yy_current_state] + yy_c] != yy_current_state )
| 				{
| 				yy_current_state = (int) yy_def[yy_current_state];
| 				if ( yy_current_state >= 6 )
| 					yy_c = yy_meta[(unsigned int) yy_c];
| 				}
| 			yy_current_state = yy_nxt[yy_base[yy_current_state] + (unsigned int) yy_c];
| 			++yy_cp;
| 			}
| 		while ( yy_base[yy_current_state] != 3 );
| 
| yy_find_action:
| 		yy_act = yy_accept[yy_current_state];
| 		if ( yy_act == 0 )
| 			{ /* have to back up */
| 			yy_cp = yy_last_accepting_cpos;
| 			yy_current_state = yy_last_accepting_state;
| 			yy_act = yy_accept[yy_current_state];
| 			}
| 
| 		YY_DO_BEFORE_ACTION;
| 
| 
| do_action:	/* This label is used only to access EOF actions. */
| 
| 
| 		switch ( yy_act )
| 	{ /* beginning of action switch */
| 			case 0: /* must back up */
| 			/* undo the effects of YY_DO_BEFORE_ACTION */
| 			*yy_cp = yy_hold_char;
| 			yy_cp = yy_last_accepting_cpos;
| 			yy_current_state = yy_last_accepting_state;
| 			goto yy_find_action;
| 
| case 1:
| YY_RULE_SETUP
| #line 2 "conftest.l"
| ECHO;
| 	YY_BREAK
| #line 613 "lex.yy.c"
| case YY_STATE_EOF(INITIAL):
| 	yyterminate();
| 
| 	case YY_END_OF_BUFFER:
| 		{
| 		/* Amount of text matched not including the EOB char. */
| 		int yy_amount_of_matched_text = (int) (yy_cp - yytext_ptr) - 1;
| 
| 		/* Undo the effects of YY_DO_BEFORE_ACTION. */
| 		*yy_cp = yy_hold_char;
| 		YY_RESTORE_YY_MORE_OFFSET
| 
| 		if ( yy_current_buffer->yy_buffer_status == YY_BUFFER_NEW )
| 			{
| 			/* We're scanning a new file or input source.  It's
| 			 * possible that this happened because the user
| 			 * just pointed yyin at a new source and called
| 			 * yylex().  If so, then we have to assure
| 			 * consistency between yy_current_buffer and our
| 			 * globals.  Here is the right place to do so, because
| 			 * this is the first action (other than possibly a
| 			 * back-up) that will match for the new input source.
| 			 */
| 			yy_n_chars = yy_current_buffer->yy_n_chars;
| 			yy_current_buffer->yy_input_file = yyin;
| 			yy_current_buffer->yy_buffer_status = YY_BUFFER_NORMAL;
| 			}
| 
| 		/* Note that here we test for yy_c_buf_p "<=" to the position
| 		 * of the first EOB in the buffer, since yy_c_buf_p will
| 		 * already have been incremented past the NUL character
| 		 * (since all states make transitions on EOB to the
| 		 * end-of-buffer state).  Contrast this with the test
| 		 * in input().
| 		 */
| 		if ( yy_c_buf_p <= &yy_current_buffer->yy_ch_buf[yy_n_chars] )
| 			{ /* This was really a NUL. */
| 			yy_state_type yy_next_state;
| 
| 			yy_c_buf_p = yytext_ptr + yy_amount_of_matched_text;
| 
| 			yy_current_state = yy_get_previous_state();
| 
| 			/* Okay, we're now positioned to make the NUL
| 			 * transition.  We couldn't have
| 			 * yy_get_previous_state() go ahead and do it
| 			 * for us because it doesn't know how to deal
| 			 * with the possibility of jamming (and we don't
| 			 * want to build jamming into it because then it
| 			 * will run more slowly).
| 			 */
| 
| 			yy_next_state = yy_try_NUL_trans( yy_current_state );
| 
| 			yy_bp = yytext_ptr + YY_MORE_ADJ;
| 
| 			if ( yy_next_state )
| 				{
| 				/* Consume the NUL. */
| 				yy_cp = ++yy_c_buf_p;
| 				yy_current_state = yy_next_state;
| 				goto yy_match;
| 				}
| 
| 			else
| 				{
| 				yy_cp = yy_c_buf_p;
| 				goto yy_find_action;
| 				}
| 			}
| 
| 		else switch ( yy_get_next_buffer() )
| 			{
| 			case EOB_ACT_END_OF_FILE:
| 				{
| 				yy_did_buffer_switch_on_eof = 0;
| 
| 				if ( yywrap() )
| 					{
| 					/* Note: because we've taken care in
| 					 * yy_get_next_buffer() to have set up
| 					 * yytext, we can now set up
| 					 * yy_c_buf_p so that if some total
| 					 * hoser (like flex itself) wants to
| 					 * call the scanner after we return the
| 					 * YY_NULL, it'll still work - another
| 					 * YY_NULL will get returned.
| 					 */
| 					yy_c_buf_p = yytext_ptr + YY_MORE_ADJ;
| 
| 					yy_act = YY_STATE_EOF(YY_START);
| 					goto do_action;
| 					}
| 
| 				else
| 					{
| 					if ( ! yy_did_buffer_switch_on_eof )
| 						YY_NEW_FILE;
| 					}
| 				break;
| 				}
| 
| 			case EOB_ACT_CONTINUE_SCAN:
| 				yy_c_buf_p =
| 					yytext_ptr + yy_amount_of_matched_text;
| 
| 				yy_current_state = yy_get_previous_state();
| 
| 				yy_cp = yy_c_buf_p;
| 				yy_bp = yytext_ptr + YY_MORE_ADJ;
| 				goto yy_match;
| 
| 			case EOB_ACT_LAST_MATCH:
| 				yy_c_buf_p =
| 				&yy_current_buffer->yy_ch_buf[yy_n_chars];
| 
| 				yy_current_state = yy_get_previous_state();
| 
| 				yy_cp = yy_c_buf_p;
| 				yy_bp = yytext_ptr + YY_MORE_ADJ;
| 				goto yy_find_action;
| 			}
| 		break;
| 		}
| 
| 	default:
| 		YY_FATAL_ERROR(
| 			"fatal flex scanner internal error--no action found" );
| 	} /* end of action switch */
| 		} /* end of scanning one token */
| 	} /* end of yylex */
| 
| 
| /* yy_get_next_buffer - try to read in a new buffer
|  *
|  * Returns a code representing an action:
|  *	EOB_ACT_LAST_MATCH -
|  *	EOB_ACT_CONTINUE_SCAN - continue scanning from current position
|  *	EOB_ACT_END_OF_FILE - end of file
|  */
| 
| static int yy_get_next_buffer()
| 	{
| 	register char *dest = yy_current_buffer->yy_ch_buf;
| 	register char *source = yytext_ptr;
| 	register int number_to_move, i;
| 	int ret_val;
| 
| 	if ( yy_c_buf_p > &yy_current_buffer->yy_ch_buf[yy_n_chars + 1] )
| 		YY_FATAL_ERROR(
| 		"fatal flex scanner internal error--end of buffer missed" );
| 
| 	if ( yy_current_buffer->yy_fill_buffer == 0 )
| 		{ /* Don't try to fill the buffer, so this is an EOF. */
| 		if ( yy_c_buf_p - yytext_ptr - YY_MORE_ADJ == 1 )
| 			{
| 			/* We matched a single character, the EOB, so
| 			 * treat this as a final EOF.
| 			 */
| 			return EOB_ACT_END_OF_FILE;
| 			}
| 
| 		else
| 			{
| 			/* We matched some text prior to the EOB, first
| 			 * process it.
| 			 */
| 			return EOB_ACT_LAST_MATCH;
| 			}
| 		}
| 
| 	/* Try to read more data. */
| 
| 	/* First move last chars to start of buffer. */
| 	number_to_move = (int) (yy_c_buf_p - yytext_ptr) - 1;
| 
| 	for ( i = 0; i < number_to_move; ++i )
| 		*(dest++) = *(source++);
| 
| 	if ( yy_current_buffer->yy_buffer_status == YY_BUFFER_EOF_PENDING )
| 		/* don't do the read, it's not guaranteed to return an EOF,
| 		 * just force an EOF
| 		 */
| 		yy_current_buffer->yy_n_chars = yy_n_chars = 0;
| 
| 	else
| 		{
| 		int num_to_read =
| 			yy_current_buffer->yy_buf_size - number_to_move - 1;
| 
| 		while ( num_to_read <= 0 )
| 			{ /* Not enough room in the buffer - grow it. */
| #ifdef YY_USES_REJECT
| 			YY_FATAL_ERROR(
| "input buffer overflow, can't enlarge buffer because scanner uses REJECT" );
| #else
| 
| 			/* just a shorter name for the current buffer */
| 			YY_BUFFER_STATE b = yy_current_buffer;
| 
| 			int yy_c_buf_p_offset =
| 				(int) (yy_c_buf_p - b->yy_ch_buf);
| 
| 			if ( b->yy_is_our_buffer )
| 				{
| 				int new_size = b->yy_buf_size * 2;
| 
| 				if ( new_size <= 0 )
| 					b->yy_buf_size += b->yy_buf_size / 8;
| 				else
| 					b->yy_buf_size *= 2;
| 
| 				b->yy_ch_buf = (char *)
| 					/* Include room in for 2 EOB chars. */
| 					yy_flex_realloc( (void *) b->yy_ch_buf,
| 							 b->yy_buf_size + 2 );
| 				}
| 			else
| 				/* Can't grow it, we don't own it. */
| 				b->yy_ch_buf = 0;
| 
| 			if ( ! b->yy_ch_buf )
| 				YY_FATAL_ERROR(
| 				"fatal error - scanner input buffer overflow" );
| 
| 			yy_c_buf_p = &b->yy_ch_buf[yy_c_buf_p_offset];
| 
| 			num_to_read = yy_current_buffer->yy_buf_size -
| 						number_to_move - 1;
| #endif
| 			}
| 
| 		if ( num_to_read > YY_READ_BUF_SIZE )
| 			num_to_read = YY_READ_BUF_SIZE;
| 
| 		/* Read in more data. */
| 		YY_INPUT( (&yy_current_buffer->yy_ch_buf[number_to_move]),
| 			yy_n_chars, num_to_read );
| 
| 		yy_current_buffer->yy_n_chars = yy_n_chars;
| 		}
| 
| 	if ( yy_n_chars == 0 )
| 		{
| 		if ( number_to_move == YY_MORE_ADJ )
| 			{
| 			ret_val = EOB_ACT_END_OF_FILE;
| 			yyrestart( yyin );
| 			}
| 
| 		else
| 			{
| 			ret_val = EOB_ACT_LAST_MATCH;
| 			yy_current_buffer->yy_buffer_status =
| 				YY_BUFFER_EOF_PENDING;
| 			}
| 		}
| 
| 	else
| 		ret_val = EOB_ACT_CONTINUE_SCAN;
| 
| 	yy_n_chars += number_to_move;
| 	yy_current_buffer->yy_ch_buf[yy_n_chars] = YY_END_OF_BUFFER_CHAR;
| 	yy_current_buffer->yy_ch_buf[yy_n_chars + 1] = YY_END_OF_BUFFER_CHAR;
| 
| 	yytext_ptr = &yy_current_buffer->yy_ch_buf[0];
| 
| 	return ret_val;
| 	}
| 
| 
| /* yy_get_previous_state - get the state just before the EOB char was reached */
| 
| static yy_state_type yy_get_previous_state()
| 	{
| 	register yy_state_type yy_current_state;
| 	register char *yy_cp;
| 
| 	yy_current_state = yy_start;
| 
| 	for ( yy_cp = yytext_ptr + YY_MORE_ADJ; yy_cp < yy_c_buf_p; ++yy_cp )
| 		{
| 		register YY_CHAR yy_c = (*yy_cp ? yy_ec[YY_SC_TO_UI(*yy_cp)] : 1);
| 		if ( yy_accept[yy_current_state] )
| 			{
| 			yy_last_accepting_state = yy_current_state;
| 			yy_last_accepting_cpos = yy_cp;
| 			}
| 		while ( yy_chk[yy_base[yy_current_state] + yy_c] != yy_current_state )
| 			{
| 			yy_current_state = (int) yy_def[yy_current_state];
| 			if ( yy_current_state >= 6 )
| 				yy_c = yy_meta[(unsigned int) yy_c];
| 			}
| 		yy_current_state = yy_nxt[yy_base[yy_current_state] + (unsigned int) yy_c];
| 		}
| 
| 	return yy_current_state;
| 	}
| 
| 
| /* yy_try_NUL_trans - try to make a transition on the NUL character
|  *
|  * synopsis
|  *	next_state = yy_try_NUL_trans( current_state );
|  */
| 
| #ifdef YY_USE_PROTOS
| static yy_state_type yy_try_NUL_trans( yy_state_type yy_current_state )
| #else
| static yy_state_type yy_try_NUL_trans( yy_current_state )
| yy_state_type yy_current_state;
| #endif
| 	{
| 	register int yy_is_jam;
| 	register char *yy_cp = yy_c_buf_p;
| 
| 	register YY_CHAR yy_c = 1;
| 	if ( yy_accept[yy_current_state] )
| 		{
| 		yy_last_accepting_state = yy_current_state;
| 		yy_last_accepting_cpos = yy_cp;
| 		}
| 	while ( yy_chk[yy_base[yy_current_state] + yy_c] != yy_current_state )
| 		{
| 		yy_current_state = (int) yy_def[yy_current_state];
| 		if ( yy_current_state >= 6 )
| 			yy_c = yy_meta[(unsigned int) yy_c];
| 		}
| 	yy_current_state = yy_nxt[yy_base[yy_current_state] + (unsigned int) yy_c];
| 	yy_is_jam = (yy_current_state == 5);
| 
| 	return yy_is_jam ? 0 : yy_current_state;
| 	}
| 
| 
| #ifndef YY_NO_UNPUT
| #ifdef YY_USE_PROTOS
| static void yyunput( int c, register char *yy_bp )
| #else
| static void yyunput( c, yy_bp )
| int c;
| register char *yy_bp;
| #endif
| 	{
| 	register char *yy_cp = yy_c_buf_p;
| 
| 	/* undo effects of setting up yytext */
| 	*yy_cp = yy_hold_char;
| 
| 	if ( yy_cp < yy_current_buffer->yy_ch_buf + 2 )
| 		{ /* need to shift things up to make room */
| 		/* +2 for EOB chars. */
| 		register int number_to_move = yy_n_chars + 2;
| 		register char *dest = &yy_current_buffer->yy_ch_buf[
| 					yy_current_buffer->yy_buf_size + 2];
| 		register char *source =
| 				&yy_current_buffer->yy_ch_buf[number_to_move];
| 
| 		while ( source > yy_current_buffer->yy_ch_buf )
| 			*--dest = *--source;
| 
| 		yy_cp += (int) (dest - source);
| 		yy_bp += (int) (dest - source);
| 		yy_current_buffer->yy_n_chars =
| 			yy_n_chars = yy_current_buffer->yy_buf_size;
| 
| 		if ( yy_cp < yy_current_buffer->yy_ch_buf + 2 )
| 			YY_FATAL_ERROR( "flex scanner push-back overflow" );
| 		}
| 
| 	*--yy_cp = (char) c;
| 
| 
| 	yytext_ptr = yy_bp;
| 	yy_hold_char = *yy_cp;
| 	yy_c_buf_p = yy_cp;
| 	}
| #endif	/* ifndef YY_NO_UNPUT */
| 
| 
| #ifndef YY_NO_INPUT
| #ifdef __cplusplus
| static int yyinput()
| #else
| static int input()
| #endif
| 	{
| 	int c;
| 
| 	*yy_c_buf_p = yy_hold_char;
| 
| 	if ( *yy_c_buf_p == YY_END_OF_BUFFER_CHAR )
| 		{
| 		/* yy_c_buf_p now points to the character we want to return.
| 		 * If this occurs *before* the EOB characters, then it's a
| 		 * valid NUL; if not, then we've hit the end of the buffer.
| 		 */
| 		if ( yy_c_buf_p < &yy_current_buffer->yy_ch_buf[yy_n_chars] )
| 			/* This was really a NUL. */
| 			*yy_c_buf_p = '\0';
| 
| 		else
| 			{ /* need more input */
| 			int offset = yy_c_buf_p - yytext_ptr;
| 			++yy_c_buf_p;
| 
| 			switch ( yy_get_next_buffer() )
| 				{
| 				case EOB_ACT_LAST_MATCH:
| 					/* This happens because yy_g_n_b()
| 					 * sees that we've accumulated a
| 					 * token and flags that we need to
| 					 * try matching the token before
| 					 * proceeding.  But for input(),
| 					 * there's no matching to consider.
| 					 * So convert the EOB_ACT_LAST_MATCH
| 					 * to EOB_ACT_END_OF_FILE.
| 					 */
| 
| 					/* Reset buffer status. */
| 					yyrestart( yyin );
| 
| 					/* fall through */
| 
| 				case EOB_ACT_END_OF_FILE:
| 					{
| 					if ( yywrap() )
| 						return EOF;
| 
| 					if ( ! yy_did_buffer_switch_on_eof )
| 						YY_NEW_FILE;
| #ifdef __cplusplus
| 					return yyinput();
| #else
| 					return input();
| #endif
| 					}
| 
| 				case EOB_ACT_CONTINUE_SCAN:
| 					yy_c_buf_p = yytext_ptr + offset;
| 					break;
| 				}
| 			}
| 		}
| 
| 	c = *(unsigned char *) yy_c_buf_p;	/* cast for 8-bit char's */
| 	*yy_c_buf_p = '\0';	/* preserve yytext */
| 	yy_hold_char = *++yy_c_buf_p;
| 
| 
| 	return c;
| 	}
| #endif /* YY_NO_INPUT */
| 
| #ifdef YY_USE_PROTOS
| void yyrestart( FILE *input_file )
| #else
| void yyrestart( input_file )
| FILE *input_file;
| #endif
| 	{
| 	if ( ! yy_current_buffer )
| 		yy_current_buffer = yy_create_buffer( yyin, YY_BUF_SIZE );
| 
| 	yy_init_buffer( yy_current_buffer, input_file );
| 	yy_load_buffer_state();
| 	}
| 
| 
| #ifdef YY_USE_PROTOS
| void yy_switch_to_buffer( YY_BUFFER_STATE new_buffer )
| #else
| void yy_switch_to_buffer( new_buffer )
| YY_BUFFER_STATE new_buffer;
| #endif
| 	{
| 	if ( yy_current_buffer == new_buffer )
| 		return;
| 
| 	if ( yy_current_buffer )
| 		{
| 		/* Flush out information for old buffer. */
| 		*yy_c_buf_p = yy_hold_char;
| 		yy_current_buffer->yy_buf_pos = yy_c_buf_p;
| 		yy_current_buffer->yy_n_chars = yy_n_chars;
| 		}
| 
| 	yy_current_buffer = new_buffer;
| 	yy_load_buffer_state();
| 
| 	/* We don't actually know whether we did this switch during
| 	 * EOF (yywrap()) processing, but the only time this flag
| 	 * is looked at is after yywrap() is called, so it's safe
| 	 * to go ahead and always set it.
| 	 */
| 	yy_did_buffer_switch_on_eof = 1;
| 	}
| 
| 
| #ifdef YY_USE_PROTOS
| void yy_load_buffer_state( void )
| #else
| void yy_load_buffer_state()
| #endif
| 	{
| 	yy_n_chars = yy_current_buffer->yy_n_chars;
| 	yytext_ptr = yy_c_buf_p = yy_current_buffer->yy_buf_pos;
| 	yyin = yy_current_buffer->yy_input_file;
| 	yy_hold_char = *yy_c_buf_p;
| 	}
| 
| 
| #ifdef YY_USE_PROTOS
| YY_BUFFER_STATE yy_create_buffer( FILE *file, int size )
| #else
| YY_BUFFER_STATE yy_create_buffer( file, size )
| FILE *file;
| int size;
| #endif
| 	{
| 	YY_BUFFER_STATE b;
| 
| 	b = (YY_BUFFER_STATE) yy_flex_alloc( sizeof( struct yy_buffer_state ) );
| 	if ( ! b )
| 		YY_FATAL_ERROR( "out of dynamic memory in yy_create_buffer()" );
| 
| 	b->yy_buf_size = size;
| 
| 	/* yy_ch_buf has to be 2 characters longer than the size given because
| 	 * we need to put in 2 end-of-buffer characters.
| 	 */
| 	b->yy_ch_buf = (char *) yy_flex_alloc( b->yy_buf_size + 2 );
| 	if ( ! b->yy_ch_buf )
| 		YY_FATAL_ERROR( "out of dynamic memory in yy_create_buffer()" );
| 
| 	b->yy_is_our_buffer = 1;
| 
| 	yy_init_buffer( b, file );
| 
| 	return b;
| 	}
| 
| 
| #ifdef YY_USE_PROTOS
| void yy_delete_buffer( YY_BUFFER_STATE b )
| #else
| void yy_delete_buffer( b )
| YY_BUFFER_STATE b;
| #endif
| 	{
| 	if ( ! b )
| 		return;
| 
| 	if ( b == yy_current_buffer )
| 		yy_current_buffer = (YY_BUFFER_STATE) 0;
| 
| 	if ( b->yy_is_our_buffer )
| 		yy_flex_free( (void *) b->yy_ch_buf );
| 
| 	yy_flex_free( (void *) b );
| 	}
| 
| 
| 
| #ifdef YY_USE_PROTOS
| void yy_init_buffer( YY_BUFFER_STATE b, FILE *file )
| #else
| void yy_init_buffer( b, file )
| YY_BUFFER_STATE b;
| FILE *file;
| #endif
| 
| 
| 	{
| 	yy_flush_buffer( b );
| 
| 	b->yy_input_file = file;
| 	b->yy_fill_buffer = 1;
| 
| #if YY_ALWAYS_INTERACTIVE
| 	b->yy_is_interactive = 1;
| #else
| #if YY_NEVER_INTERACTIVE
| 	b->yy_is_interactive = 0;
| #else
| 	b->yy_is_interactive = file ? (isatty( fileno(file) ) > 0) : 0;
| #endif
| #endif
| 	}
| 
| 
| #ifdef YY_USE_PROTOS
| void yy_flush_buffer( YY_BUFFER_STATE b )
| #else
| void yy_flush_buffer( b )
| YY_BUFFER_STATE b;
| #endif
| 
| 	{
| 	if ( ! b )
| 		return;
| 
| 	b->yy_n_chars = 0;
| 
| 	/* We always need two end-of-buffer characters.  The first causes
| 	 * a transition to the end-of-buffer state.  The second causes
| 	 * a jam in that state.
| 	 */
| 	b->yy_ch_buf[0] = YY_END_OF_BUFFER_CHAR;
| 	b->yy_ch_buf[1] = YY_END_OF_BUFFER_CHAR;
| 
| 	b->yy_buf_pos = &b->yy_ch_buf[0];
| 
| 	b->yy_at_bol = 1;
| 	b->yy_buffer_status = YY_BUFFER_NEW;
| 
| 	if ( b == yy_current_buffer )
| 		yy_load_buffer_state();
| 	}
| 
| 
| #ifndef YY_NO_SCAN_BUFFER
| #ifdef YY_USE_PROTOS
| YY_BUFFER_STATE yy_scan_buffer( char *base, yy_size_t size )
| #else
| YY_BUFFER_STATE yy_scan_buffer( base, size )
| char *base;
| yy_size_t size;
| #endif
| 	{
| 	YY_BUFFER_STATE b;
| 
| 	if ( size < 2 ||
| 	     base[size-2] != YY_END_OF_BUFFER_CHAR ||
| 	     base[size-1] != YY_END_OF_BUFFER_CHAR )
| 		/* They forgot to leave room for the EOB's. */
| 		return 0;
| 
| 	b = (YY_BUFFER_STATE) yy_flex_alloc( sizeof( struct yy_buffer_state ) );
| 	if ( ! b )
| 		YY_FATAL_ERROR( "out of dynamic memory in yy_scan_buffer()" );
| 
| 	b->yy_buf_size = size - 2;	/* "- 2" to take care of EOB's */
| 	b->yy_buf_pos = b->yy_ch_buf = base;
| 	b->yy_is_our_buffer = 0;
| 	b->yy_input_file = 0;
| 	b->yy_n_chars = b->yy_buf_size;
| 	b->yy_is_interactive = 0;
| 	b->yy_at_bol = 1;
| 	b->yy_fill_buffer = 0;
| 	b->yy_buffer_status = YY_BUFFER_NEW;
| 
| 	yy_switch_to_buffer( b );
| 
| 	return b;
| 	}
| #endif
| 
| 
| #ifndef YY_NO_SCAN_STRING
| #ifdef YY_USE_PROTOS
| YY_BUFFER_STATE yy_scan_string( yyconst char *yy_str )
| #else
| YY_BUFFER_STATE yy_scan_string( yy_str )
| yyconst char *yy_str;
| #endif
| 	{
| 	int len;
| 	for ( len = 0; yy_str[len]; ++len )
| 		;
| 
| 	return yy_scan_bytes( yy_str, len );
| 	}
| #endif
| 
| 
| #ifndef YY_NO_SCAN_BYTES
| #ifdef YY_USE_PROTOS
| YY_BUFFER_STATE yy_scan_bytes( yyconst char *bytes, int len )
| #else
| YY_BUFFER_STATE yy_scan_bytes( bytes, len )
| yyconst char *bytes;
| int len;
| #endif
| 	{
| 	YY_BUFFER_STATE b;
| 	char *buf;
| 	yy_size_t n;
| 	int i;
| 
| 	/* Get memory for full buffer, including space for trailing EOB's. */
| 	n = len + 2;
| 	buf = (char *) yy_flex_alloc( n );
| 	if ( ! buf )
| 		YY_FATAL_ERROR( "out of dynamic memory in yy_scan_bytes()" );
| 
| 	for ( i = 0; i < len; ++i )
| 		buf[i] = bytes[i];
| 
| 	buf[len] = buf[len+1] = YY_END_OF_BUFFER_CHAR;
| 
| 	b = yy_scan_buffer( buf, n );
| 	if ( ! b )
| 		YY_FATAL_ERROR( "bad buffer in yy_scan_bytes()" );
| 
| 	/* It's okay to grow etc. this buffer, and we should throw it
| 	 * away when we're done.
| 	 */
| 	b->yy_is_our_buffer = 1;
| 
| 	return b;
| 	}
| #endif
| 
| 
| #ifndef YY_NO_PUSH_STATE
| #ifdef YY_USE_PROTOS
| static void yy_push_state( int new_state )
| #else
| static void yy_push_state( new_state )
| int new_state;
| #endif
| 	{
| 	if ( yy_start_stack_ptr >= yy_start_stack_depth )
| 		{
| 		yy_size_t new_size;
| 
| 		yy_start_stack_depth += YY_START_STACK_INCR;
| 		new_size = yy_start_stack_depth * sizeof( int );
| 
| 		if ( ! yy_start_stack )
| 			yy_start_stack = (int *) yy_flex_alloc( new_size );
| 
| 		else
| 			yy_start_stack = (int *) yy_flex_realloc(
| 					(void *) yy_start_stack, new_size );
| 
| 		if ( ! yy_start_stack )
| 			YY_FATAL_ERROR(
| 			"out of memory expanding start-condition stack" );
| 		}
| 
| 	yy_start_stack[yy_start_stack_ptr++] = YY_START;
| 
| 	BEGIN(new_state);
| 	}
| #endif
| 
| 
| #ifndef YY_NO_POP_STATE
| static void yy_pop_state()
| 	{
| 	if ( --yy_start_stack_ptr < 0 )
| 		YY_FATAL_ERROR( "start-condition stack underflow" );
| 
| 	BEGIN(yy_start_stack[yy_start_stack_ptr]);
| 	}
| #endif
| 
| 
| #ifndef YY_NO_TOP_STATE
| static int yy_top_state()
| 	{
| 	return yy_start_stack[yy_start_stack_ptr - 1];
| 	}
| #endif
| 
| #ifndef YY_EXIT_FAILURE
| #define YY_EXIT_FAILURE 2
| #endif
| 
| #ifdef YY_USE_PROTOS
| static void yy_fatal_error( yyconst char msg[] )
| #else
| static void yy_fatal_error( msg )
| char msg[];
| #endif
| 	{
| 	(void) fprintf( stderr, "%s\n", msg );
| 	exit( YY_EXIT_FAILURE );
| 	}
| 
| 
| 
| /* Redefine yyless() so it works in section 3 code. */
| 
| #undef yyless
| #define yyless(n) \
| 	do \
| 		{ \
| 		/* Undo effects of setting up yytext. */ \
| 		yytext[yyleng] = yy_hold_char; \
| 		yy_c_buf_p = yytext + n; \
| 		yy_hold_char = *yy_c_buf_p; \
| 		*yy_c_buf_p = '\0'; \
| 		yyleng = n; \
| 		} \
| 	while ( 0 )
| 
| 
| /* Internal utility routines. */
| 
| #ifndef yytext_ptr
| #ifdef YY_USE_PROTOS
| static void yy_flex_strncpy( char *s1, yyconst char *s2, int n )
| #else
| static void yy_flex_strncpy( s1, s2, n )
| char *s1;
| yyconst char *s2;
| int n;
| #endif
| 	{
| 	register int i;
| 	for ( i = 0; i < n; ++i )
| 		s1[i] = s2[i];
| 	}
| #endif
| 
| #ifdef YY_NEED_STRLEN
| #ifdef YY_USE_PROTOS
| static int yy_flex_strlen( yyconst char *s )
| #else
| static int yy_flex_strlen( s )
| yyconst char *s;
| #endif
| 	{
| 	register int n;
| 	for ( n = 0; s[n]; ++n )
| 		;
| 
| 	return n;
| 	}
| #endif
| 
| 
| #ifdef YY_USE_PROTOS
| static void *yy_flex_alloc( yy_size_t size )
| #else
| static void *yy_flex_alloc( size )
| yy_size_t size;
| #endif
| 	{
| 	return (void *) malloc( size );
| 	}
| 
| #ifdef YY_USE_PROTOS
| static void *yy_flex_realloc( void *ptr, yy_size_t size )
| #else
| static void *yy_flex_realloc( ptr, size )
| void *ptr;
| yy_size_t size;
| #endif
| 	{
| 	/* The cast to (char *) in the following accommodates both
| 	 * implementations that use char* generic pointers, and those
| 	 * that use void* generic pointers.  It works with the latter
| 	 * because both ANSI C and C++ allow castless assignment from
| 	 * any pointer type to void*, and deal with argument conversions
| 	 * as though doing an assignment.
| 	 */
| 	return (void *) realloc( (char *) ptr, size );
| 	}
| 
| #ifdef YY_USE_PROTOS
| static void yy_flex_free( void *ptr )
| #else
| static void yy_flex_free( ptr )
| void *ptr;
| #endif
| 	{
| 	free( ptr );
| 	}
| 
| #if YY_MAIN
| int main()
| 	{
| 	yylex();
| 	return 0;
| 	}
| #endif
| #line 2 "conftest.l"
| 
| extern char *yytext;
configure:4926: result: no
configure:4948: checking for mipsel-linux-gcc
configure:4974: result: /opt/buildroot-gcc342/bin/mipsel-linux-gcc
configure:5256: checking for C compiler version
configure:5259: /opt/buildroot-gcc342/bin/mipsel-linux-gcc --version </dev/null >&5
mipsel-linux-gcc (GCC) 3.4.2
Copyright (C) 2004 Free Software Foundation, Inc.
This is free software; see the source for copying conditions.  There is NO
warranty; not even for MERCHANTABILITY or FITNESS FOR A PARTICULAR PURPOSE.

configure:5262: $? = 0
configure:5264: /opt/buildroot-gcc342/bin/mipsel-linux-gcc -v </dev/null >&5
Reading specs from /opt/buildroot-gcc342/bin/../lib/gcc/mipsel-linux-uclibc/3.4.2/specs
Configured with: /home/winfred/RT288x_SDK/toolchain/buildroot/toolchain_build_mipsel/gcc-3.4.2/configure --prefix=/home/winfred/RT288x_SDK/toolchain/buildroot-gdb --build=i386-pc-linux-gnu --host=i386-pc-linux-gnu --target=mipsel-linux-uclibc --enable-languages=c,c++ --disable-__cxa_atexit --enable-target-optspace --with-gnu-ld --disable-shared --disable-nls --enable-threads --enable-multilib --enable-sjlj-exceptions : (reconfigured) /home/winfred/RT288x_SDK/toolchain/buildroot/toolchain_build_mipsel/gcc-3.4.2/configure --prefix=/home/winfred/RT288x_SDK/toolchain/buildroot-gdb --build=i386-pc-linux-gnu --host=i386-pc-linux-gnu --target=mipsel-linux-uclibc --enable-languages=c,c++ --disable-__cxa_atexit --enable-target-optspace --with-gnu-ld --disable-shared --disable-nls --enable-threads --enable-multilib --enable-sjlj-exceptions
Thread model: posix
gcc version 3.4.2
configure:5267: $? = 0
configure:5269: /opt/buildroot-gcc342/bin/mipsel-linux-gcc -V </dev/null >&5
mipsel-linux-gcc: `-V' option must have argument
configure:5272: $? = 1
configure:5275: checking whether we are using the GNU C compiler
configure:5331: result: yes
configure:5337: checking whether /opt/buildroot-gcc342/bin/mipsel-linux-gcc accepts -g
configure:5388: result: yes
configure:5405: checking for /opt/buildroot-gcc342/bin/mipsel-linux-gcc option to accept ANSI C
configure:5512: result: none needed
configure:5530: /opt/buildroot-gcc342/bin/mipsel-linux-gcc -c -g -O2  conftest.c >&5
conftest.c:2: error: parse error before "me"
configure:5536: $? = 1
configure: failed program was:
| #ifndef __cplusplus
|   choke me
| #endif
configure:5671: checking dependency style of /opt/buildroot-gcc342/bin/mipsel-linux-gcc
configure:5754: result: gcc3
configure:5781: checking for mipsel-linux-g++
configure:5810: result: no
configure:5781: checking for mipsel-linux-c++
configure:5810: result: no
configure:5781: checking for mipsel-linux-gpp
configure:5810: result: no
configure:5781: checking for mipsel-linux-aCC
configure:5810: result: no
configure:5781: checking for mipsel-linux-CC
configure:5810: result: no
configure:5781: checking for mipsel-linux-cxx
configure:5810: result: no
configure:5781: checking for mipsel-linux-cc++
configure:5810: result: no
configure:5781: checking for mipsel-linux-cl
configure:5810: result: no
configure:5781: checking for mipsel-linux-FCC
configure:5810: result: no
configure:5781: checking for mipsel-linux-KCC
configure:5810: result: no
configure:5781: checking for mipsel-linux-RCC
configure:5810: result: no
configure:5781: checking for mipsel-linux-xlC_r
configure:5810: result: no
configure:5781: checking for mipsel-linux-xlC
configure:5810: result: no
configure:5823: checking for g++
configure:5839: found /usr/bin/g++
configure:5849: result: g++
configure:5865: checking for C++ compiler version
configure:5868: g++ --version </dev/null >&5
g++ (GCC) 4.1.1 20061011 (Red Hat 4.1.1-30)
Copyright (C) 2006 Free Software Foundation, Inc.
This is free software; see the source for copying conditions.  There is NO
warranty; not even for MERCHANTABILITY or FITNESS FOR A PARTICULAR PURPOSE.

configure:5871: $? = 0
configure:5873: g++ -v </dev/null >&5
Using built-in specs.
Target: i386-redhat-linux
Configured with: ../configure --prefix=/usr --mandir=/usr/share/man --infodir=/usr/share/info --enable-shared --enable-threads=posix --enable-checking=release --with-system-zlib --enable-__cxa_atexit --disable-libunwind-exceptions --enable-libgcj-multifile --enable-languages=c,c++,objc,obj-c++,java,fortran,ada --enable-java-awt=gtk --disable-dssi --enable-plugin --with-java-home=/usr/lib/jvm/java-1.4.2-gcj-1.4.2.0/jre --with-cpu=generic --host=i386-redhat-linux
Thread model: posix
gcc version 4.1.1 20061011 (Red Hat 4.1.1-30)
configure:5876: $? = 0
configure:5878: g++ -V </dev/null >&5
g++: '-V' option must have argument
configure:5881: $? = 1
configure:5884: checking whether we are using the GNU C++ compiler
configure:5908: g++ -c   conftest.cc >&5
configure:5914: $? = 0
configure:5918: test -z 
			 || test ! -s conftest.err
configure:5921: $? = 0
configure:5924: test -s conftest.o
configure:5927: $? = 0
configure:5940: result: yes
configure:5946: checking whether g++ accepts -g
configure:5967: g++ -c -g  conftest.cc >&5
configure:5973: $? = 0
configure:5977: test -z 
			 || test ! -s conftest.err
configure:5980: $? = 0
configure:5983: test -s conftest.o
configure:5986: $? = 0
configure:5997: result: yes
configure:6039: g++ -c -g -O2  conftest.cc >&5
configure:6045: $? = 0
configure:6049: test -z 
			 || test ! -s conftest.err
configure:6052: $? = 0
configure:6055: test -s conftest.o
configure:6058: $? = 0
configure:6084: g++ -c -g -O2  conftest.cc >&5
conftest.cc: In function 'int main()':
conftest.cc:15: error: 'exit' was not declared in this scope
configure:6090: $? = 1
configure: failed program was:
| /* confdefs.h.  */
| 
| #define PACKAGE_NAME "flex"
| #define PACKAGE_TARNAME "flex"
| #define PACKAGE_VERSION "2.5.33"
| #define PACKAGE_STRING "flex 2.5.33"
| #define PACKAGE_BUGREPORT "flex-help@lists.sourceforge.net"
| #define PACKAGE "flex"
| #define VERSION "2.5.33"
| /* end confdefs.h.  */
| 
| int
| main ()
| {
| exit (42);
|   ;
|   return 0;
| }
configure:6039: g++ -c -g -O2  conftest.cc >&5
configure:6045: $? = 0
configure:6049: test -z 
			 || test ! -s conftest.err
configure:6052: $? = 0
configure:6055: test -s conftest.o
configure:6058: $? = 0
configure:6084: g++ -c -g -O2  conftest.cc >&5
configure:6090: $? = 0
configure:6094: test -z 
			 || test ! -s conftest.err
configure:6097: $? = 0
configure:6100: test -s conftest.o
configure:6103: $? = 0
configure:6128: checking dependency style of g++
configure:6211: result: gcc3
configure:6228: checking whether ln -s works
configure:6232: result: yes
configure:6242: checking for mipsel-linux-ranlib
configure:6271: result: no
configure:6280: checking for ranlib
configure:6296: found /usr/bin/ranlib
configure:6307: result: ranlib
configure:6322: checking for bison
configure:6340: found /usr/bin/bison
configure:6353: result: /usr/bin/bison
configure:6362: checking for help2man
configure:6393: result: help2man
configure:6407: checking for gm4
configure:6440: result: no
configure:6407: checking for gnum4
configure:6440: result: no
configure:6407: checking for m4
configure:6425: found /usr/bin/m4
configure:6437: result: /usr/bin/m4
configure:6449: checking for GNU m4
configure:6452: result: yes
configure:6473: checking for indent
configure:6491: found /usr/bin/indent
configure:6504: result: /usr/bin/indent
configure:6512: checking if /usr/bin/indent is GNU indent
configure:6515: result: yes
configure:6529: checking for log in -lm
configure:6559: /opt/buildroot-gcc342/bin/mipsel-linux-gcc -o conftest -g -O2   conftest.c -lm   >&5
conftest.c:22: warning: conflicting types for built-in function 'log'
configure:6565: $? = 0
configure:6569: test -z 
			 || test ! -s conftest.err
configure:6572: $? = 0
configure:6575: test -s conftest
configure:6578: $? = 0
configure:6591: result: yes
configure:6609: checking how to run the C preprocessor
configure:6644: /opt/buildroot-gcc342/bin/mipsel-linux-gcc -E  conftest.c
configure:6650: $? = 0
configure:6682: /opt/buildroot-gcc342/bin/mipsel-linux-gcc -E  conftest.c
conftest.c:16:28: ac_nonexistent.h: No such file or directory
configure:6688: $? = 1
configure: failed program was:
| /* confdefs.h.  */
| 
| #define PACKAGE_NAME "flex"
| #define PACKAGE_TARNAME "flex"
| #define PACKAGE_VERSION "2.5.33"
| #define PACKAGE_STRING "flex 2.5.33"
| #define PACKAGE_BUGREPORT "flex-help@lists.sourceforge.net"
| #define PACKAGE "flex"
| #define VERSION "2.5.33"
| #ifdef __cplusplus
| extern "C" void std::exit (int) throw (); using std::exit;
| #endif
| #define M4 "/usr/bin/m4"
| #define HAVE_LIBM 1
| /* end confdefs.h.  */
| #include <ac_nonexistent.h>
configure:6727: result: /opt/buildroot-gcc342/bin/mipsel-linux-gcc -E
configure:6751: /opt/buildroot-gcc342/bin/mipsel-linux-gcc -E  conftest.c
configure:6757: $? = 0
configure:6789: /opt/buildroot-gcc342/bin/mipsel-linux-gcc -E  conftest.c
conftest.c:16:28: ac_nonexistent.h: No such file or directory
configure:6795: $? = 1
configure: failed program was:
| /* confdefs.h.  */
| 
| #define PACKAGE_NAME "flex"
| #define PACKAGE_TARNAME "flex"
| #define PACKAGE_VERSION "2.5.33"
| #define PACKAGE_STRING "flex 2.5.33"
| #define PACKAGE_BUGREPORT "flex-help@lists.sourceforge.net"
| #define PACKAGE "flex"
| #define VERSION "2.5.33"
| #ifdef __cplusplus
| extern "C" void std::exit (int) throw (); using std::exit;
| #endif
| #define M4 "/usr/bin/m4"
| #define HAVE_LIBM 1
| /* end confdefs.h.  */
| #include <ac_nonexistent.h>
configure:6839: checking for egrep
configure:6849: result: grep -E
configure:6854: checking for ANSI C header files
configure:6879: /opt/buildroot-gcc342/bin/mipsel-linux-gcc -c -g -O2  conftest.c >&5
configure:6885: $? = 0
configure:6889: test -z 
			 || test ! -s conftest.err
configure:6892: $? = 0
configure:6895: test -s conftest.o
configure:6898: $? = 0
configure:7010: result: yes
configure:7034: checking for sys/types.h
configure:7050: /opt/buildroot-gcc342/bin/mipsel-linux-gcc -c -g -O2  conftest.c >&5
configure:7056: $? = 0
configure:7060: test -z 
			 || test ! -s conftest.err
configure:7063: $? = 0
configure:7066: test -s conftest.o
configure:7069: $? = 0
configure:7080: result: yes
configure:7034: checking for sys/stat.h
configure:7050: /opt/buildroot-gcc342/bin/mipsel-linux-gcc -c -g -O2  conftest.c >&5
configure:7056: $? = 0
configure:7060: test -z 
			 || test ! -s conftest.err
configure:7063: $? = 0
configure:7066: test -s conftest.o
configure:7069: $? = 0
configure:7080: result: yes
configure:7034: checking for stdlib.h
configure:7050: /opt/buildroot-gcc342/bin/mipsel-linux-gcc -c -g -O2  conftest.c >&5
configure:7056: $? = 0
configure:7060: test -z 
			 || test ! -s conftest.err
configure:7063: $? = 0
configure:7066: test -s conftest.o
configure:7069: $? = 0
configure:7080: result: yes
configure:7034: checking for string.h
configure:7050: /opt/buildroot-gcc342/bin/mipsel-linux-gcc -c -g -O2  conftest.c >&5
configure:7056: $? = 0
configure:7060: test -z 
			 || test ! -s conftest.err
configure:7063: $? = 0
configure:7066: test -s conftest.o
configure:7069: $? = 0
configure:7080: result: yes
configure:7034: checking for memory.h
configure:7050: /opt/buildroot-gcc342/bin/mipsel-linux-gcc -c -g -O2  conftest.c >&5
configure:7056: $? = 0
configure:7060: test -z 
			 || test ! -s conftest.err
configure:7063: $? = 0
configure:7066: test -s conftest.o
configure:7069: $? = 0
configure:7080: result: yes
configure:7034: checking for strings.h
configure:7050: /opt/buildroot-gcc342/bin/mipsel-linux-gcc -c -g -O2  conftest.c >&5
configure:7056: $? = 0
configure:7060: test -z 
			 || test ! -s conftest.err
configure:7063: $? = 0
configure:7066: test -s conftest.o
configure:7069: $? = 0
configure:7080: result: yes
configure:7034: checking for inttypes.h
configure:7050: /opt/buildroot-gcc342/bin/mipsel-linux-gcc -c -g -O2  conftest.c >&5
configure:7056: $? = 0
configure:7060: test -z 
			 || test ! -s conftest.err
configure:7063: $? = 0
configure:7066: test -s conftest.o
configure:7069: $? = 0
configure:7080: result: yes
configure:7034: checking for stdint.h
configure:7050: /opt/buildroot-gcc342/bin/mipsel-linux-gcc -c -g -O2  conftest.c >&5
configure:7056: $? = 0
configure:7060: test -z 
			 || test ! -s conftest.err
configure:7063: $? = 0
configure:7066: test -s conftest.o
configure:7069: $? = 0
configure:7080: result: yes
configure:7034: checking for unistd.h
configure:7050: /opt/buildroot-gcc342/bin/mipsel-linux-gcc -c -g -O2  conftest.c >&5
configure:7056: $? = 0
configure:7060: test -z 
			 || test ! -s conftest.err
configure:7063: $? = 0
configure:7066: test -s conftest.o
configure:7069: $? = 0
configure:7080: result: yes
configure:7100: checking for unistd.h
configure:7105: result: yes
configure:7109: checking stdbool.h usability
configure:7121: /opt/buildroot-gcc342/bin/mipsel-linux-gcc -c -g -O2  conftest.c >&5
configure:7127: $? = 0
configure:7131: test -z 
			 || test ! -s conftest.err
configure:7134: $? = 0
configure:7137: test -s conftest.o
configure:7140: $? = 0
configure:7150: result: yes
configure:7154: checking stdbool.h presence
configure:7164: /opt/buildroot-gcc342/bin/mipsel-linux-gcc -E  conftest.c
configure:7170: $? = 0
configure:7190: result: yes
configure:7225: checking for stdbool.h
configure:7232: result: yes
configure:7109: checking netinet/in.h usability
configure:7121: /opt/buildroot-gcc342/bin/mipsel-linux-gcc -c -g -O2  conftest.c >&5
configure:7127: $? = 0
configure:7131: test -z 
			 || test ! -s conftest.err
configure:7134: $? = 0
configure:7137: test -s conftest.o
configure:7140: $? = 0
configure:7150: result: yes
configure:7154: checking netinet/in.h presence
configure:7164: /opt/buildroot-gcc342/bin/mipsel-linux-gcc -E  conftest.c
configure:7170: $? = 0
configure:7190: result: yes
configure:7225: checking for netinet/in.h
configure:7232: result: yes
configure:7109: checking limits.h usability
configure:7121: /opt/buildroot-gcc342/bin/mipsel-linux-gcc -c -g -O2  conftest.c >&5
configure:7127: $? = 0
configure:7131: test -z 
			 || test ! -s conftest.err
configure:7134: $? = 0
configure:7137: test -s conftest.o
configure:7140: $? = 0
configure:7150: result: yes
configure:7154: checking limits.h presence
configure:7164: /opt/buildroot-gcc342/bin/mipsel-linux-gcc -E  conftest.c
configure:7170: $? = 0
configure:7190: result: yes
configure:7225: checking for limits.h
configure:7232: result: yes
configure:7260: checking sys/wait.h usability
configure:7272: /opt/buildroot-gcc342/bin/mipsel-linux-gcc -c -g -O2  conftest.c >&5
configure:7278: $? = 0
configure:7282: test -z 
			 || test ! -s conftest.err
configure:7285: $? = 0
configure:7288: test -s conftest.o
configure:7291: $? = 0
configure:7301: result: yes
configure:7305: checking sys/wait.h presence
configure:7315: /opt/buildroot-gcc342/bin/mipsel-linux-gcc -E  conftest.c
configure:7321: $? = 0
configure:7341: result: yes
configure:7376: checking for sys/wait.h
configure:7383: result: yes
configure:7260: checking sys/params.h usability
configure:7272: /opt/buildroot-gcc342/bin/mipsel-linux-gcc -c -g -O2  conftest.c >&5
conftest.c:65:24: sys/params.h: No such file or directory
configure:7278: $? = 1
configure: failed program was:
| /* confdefs.h.  */
| 
| #define PACKAGE_NAME "flex"
| #define PACKAGE_TARNAME "flex"
| #define PACKAGE_VERSION "2.5.33"
| #define PACKAGE_STRING "flex 2.5.33"
| #define PACKAGE_BUGREPORT "flex-help@lists.sourceforge.net"
| #define PACKAGE "flex"
| #define VERSION "2.5.33"
| #ifdef __cplusplus
| extern "C" void std::exit (int) throw (); using std::exit;
| #endif
| #define M4 "/usr/bin/m4"
| #define HAVE_LIBM 1
| #define STDC_HEADERS 1
| #define HAVE_SYS_TYPES_H 1
| #define HAVE_SYS_STAT_H 1
| #define HAVE_STDLIB_H 1
| #define HAVE_STRING_H 1
| #define HAVE_MEMORY_H 1
| #define HAVE_STRINGS_H 1
| #define HAVE_INTTYPES_H 1
| #define HAVE_STDINT_H 1
| #define HAVE_UNISTD_H 1
| #define HAVE_UNISTD_H 1
| #define HAVE_STDBOOL_H 1
| #define HAVE_NETINET_IN_H 1
| #define HAVE_LIMITS_H 1
| #define HAVE_SYS_WAIT_H 1
| /* end confdefs.h.  */
| #include <stdio.h>
| #if HAVE_SYS_TYPES_H
| # include <sys/types.h>
| #endif
| #if HAVE_SYS_STAT_H
| # include <sys/stat.h>
| #endif
| #if STDC_HEADERS
| # include <stdlib.h>
| # include <stddef.h>
| #else
| # if HAVE_STDLIB_H
| #  include <stdlib.h>
| # endif
| #endif
| #if HAVE_STRING_H
| # if !STDC_HEADERS && HAVE_MEMORY_H
| #  include <memory.h>
| # endif
| # include <string.h>
| #endif
| #if HAVE_STRINGS_H
| # include <strings.h>
| #endif
| #if HAVE_INTTYPES_H
| # include <inttypes.h>
| #else
| # if HAVE_STDINT_H
| #  include <stdint.h>
| # endif
| #endif
| #if HAVE_UNISTD_H
| # include <unistd.h>
| #endif
| #include <sys/params.h>
configure:7301: result: no
configure:7305: checking sys/params.h presence
configure:7315: /opt/buildroot-gcc342/bin/mipsel-linux-gcc -E  conftest.c
conftest.c:31:24: sys/params.h: No such file or directory
configure:7321: $? = 1
configure: failed program was:
| /* confdefs.h.  */
| 
| #define PACKAGE_NAME "flex"
| #define PACKAGE_TARNAME "flex"
| #define PACKAGE_VERSION "2.5.33"
| #define PACKAGE_STRING "flex 2.5.33"
| #define PACKAGE_BUGREPORT "flex-help@lists.sourceforge.net"
| #define PACKAGE "flex"
| #define VERSION "2.5.33"
| #ifdef __cplusplus
| extern "C" void std::exit (int) throw (); using std::exit;
| #endif
| #define M4 "/usr/bin/m4"
| #define HAVE_LIBM 1
| #define STDC_HEADERS 1
| #define HAVE_SYS_TYPES_H 1
| #define HAVE_SYS_STAT_H 1
| #define HAVE_STDLIB_H 1
| #define HAVE_STRING_H 1
| #define HAVE_MEMORY_H 1
| #define HAVE_STRINGS_H 1
| #define HAVE_INTTYPES_H 1
| #define HAVE_STDINT_H 1
| #define HAVE_UNISTD_H 1
| #define HAVE_UNISTD_H 1
| #define HAVE_STDBOOL_H 1
| #define HAVE_NETINET_IN_H 1
| #define HAVE_LIMITS_H 1
| #define HAVE_SYS_WAIT_H 1
| /* end confdefs.h.  */
| #include <sys/params.h>
configure:7341: result: no
configure:7376: checking for sys/params.h
configure:7383: result: no
configure:7410: checking cunistd usability
configure:7422: /opt/buildroot-gcc342/bin/mipsel-linux-gcc -c -g -O2  conftest.c >&5
conftest.c:65:19: cunistd: No such file or directory
configure:7428: $? = 1
configure: failed program was:
| /* confdefs.h.  */
| 
| #define PACKAGE_NAME "flex"
| #define PACKAGE_TARNAME "flex"
| #define PACKAGE_VERSION "2.5.33"
| #define PACKAGE_STRING "flex 2.5.33"
| #define PACKAGE_BUGREPORT "flex-help@lists.sourceforge.net"
| #define PACKAGE "flex"
| #define VERSION "2.5.33"
| #ifdef __cplusplus
| extern "C" void std::exit (int) throw (); using std::exit;
| #endif
| #define M4 "/usr/bin/m4"
| #define HAVE_LIBM 1
| #define STDC_HEADERS 1
| #define HAVE_SYS_TYPES_H 1
| #define HAVE_SYS_STAT_H 1
| #define HAVE_STDLIB_H 1
| #define HAVE_STRING_H 1
| #define HAVE_MEMORY_H 1
| #define HAVE_STRINGS_H 1
| #define HAVE_INTTYPES_H 1
| #define HAVE_STDINT_H 1
| #define HAVE_UNISTD_H 1
| #define HAVE_UNISTD_H 1
| #define HAVE_STDBOOL_H 1
| #define HAVE_NETINET_IN_H 1
| #define HAVE_LIMITS_H 1
| #define HAVE_SYS_WAIT_H 1
| /* end confdefs.h.  */
| #include <stdio.h>
| #if HAVE_SYS_TYPES_H
| # include <sys/types.h>
| #endif
| #if HAVE_SYS_STAT_H
| # include <sys/stat.h>
| #endif
| #if STDC_HEADERS
| # include <stdlib.h>
| # include <stddef.h>
| #else
| # if HAVE_STDLIB_H
| #  include <stdlib.h>
| # endif
| #endif
| #if HAVE_STRING_H
| # if !STDC_HEADERS && HAVE_MEMORY_H
| #  include <memory.h>
| # endif
| # include <string.h>
| #endif
| #if HAVE_STRINGS_H
| # include <strings.h>
| #endif
| #if HAVE_INTTYPES_H
| # include <inttypes.h>
| #else
| # if HAVE_STDINT_H
| #  include <stdint.h>
| # endif
| #endif
| #if HAVE_UNISTD_H
| # include <unistd.h>
| #endif
| #include <cunistd>
configure:7451: result: no
configure:7455: checking cunistd presence
configure:7465: /opt/buildroot-gcc342/bin/mipsel-linux-gcc -E  conftest.c
conftest.c:31:19: cunistd: No such file or directory
configure:7471: $? = 1
configure: failed program was:
| /* confdefs.h.  */
| 
| #define PACKAGE_NAME "flex"
| #define PACKAGE_TARNAME "flex"
| #define PACKAGE_VERSION "2.5.33"
| #define PACKAGE_STRING "flex 2.5.33"
| #define PACKAGE_BUGREPORT "flex-help@lists.sourceforge.net"
| #define PACKAGE "flex"
| #define VERSION "2.5.33"
| #ifdef __cplusplus
| extern "C" void std::exit (int) throw (); using std::exit;
| #endif
| #define M4 "/usr/bin/m4"
| #define HAVE_LIBM 1
| #define STDC_HEADERS 1
| #define HAVE_SYS_TYPES_H 1
| #define HAVE_SYS_STAT_H 1
| #define HAVE_STDLIB_H 1
| #define HAVE_STRING_H 1
| #define HAVE_MEMORY_H 1
| #define HAVE_STRINGS_H 1
| #define HAVE_INTTYPES_H 1
| #define HAVE_STDINT_H 1
| #define HAVE_UNISTD_H 1
| #define HAVE_UNISTD_H 1
| #define HAVE_STDBOOL_H 1
| #define HAVE_NETINET_IN_H 1
| #define HAVE_LIMITS_H 1
| #define HAVE_SYS_WAIT_H 1
| /* end confdefs.h.  */
| #include <cunistd>
configure:7491: result: no
configure:7526: checking for cunistd
configure:7533: result: no
configure:7561: checking locale.h usability
configure:7573: /opt/buildroot-gcc342/bin/mipsel-linux-gcc -c -g -O2  conftest.c >&5
configure:7579: $? = 0
configure:7583: test -z 
			 || test ! -s conftest.err
configure:7586: $? = 0
configure:7589: test -s conftest.o
configure:7592: $? = 0
configure:7602: result: yes
configure:7606: checking locale.h presence
configure:7616: /opt/buildroot-gcc342/bin/mipsel-linux-gcc -E  conftest.c
configure:7622: $? = 0
configure:7642: result: yes
configure:7677: checking for locale.h
configure:7684: result: yes
configure:7561: checking libintl.h usability
configure:7573: /opt/buildroot-gcc342/bin/mipsel-linux-gcc -c -g -O2  conftest.c >&5
conftest.c:66:21: libintl.h: No such file or directory
configure:7579: $? = 1
configure: failed program was:
| /* confdefs.h.  */
| 
| #define PACKAGE_NAME "flex"
| #define PACKAGE_TARNAME "flex"
| #define PACKAGE_VERSION "2.5.33"
| #define PACKAGE_STRING "flex 2.5.33"
| #define PACKAGE_BUGREPORT "flex-help@lists.sourceforge.net"
| #define PACKAGE "flex"
| #define VERSION "2.5.33"
| #ifdef __cplusplus
| extern "C" void std::exit (int) throw (); using std::exit;
| #endif
| #define M4 "/usr/bin/m4"
| #define HAVE_LIBM 1
| #define STDC_HEADERS 1
| #define HAVE_SYS_TYPES_H 1
| #define HAVE_SYS_STAT_H 1
| #define HAVE_STDLIB_H 1
| #define HAVE_STRING_H 1
| #define HAVE_MEMORY_H 1
| #define HAVE_STRINGS_H 1
| #define HAVE_INTTYPES_H 1
| #define HAVE_STDINT_H 1
| #define HAVE_UNISTD_H 1
| #define HAVE_UNISTD_H 1
| #define HAVE_STDBOOL_H 1
| #define HAVE_NETINET_IN_H 1
| #define HAVE_LIMITS_H 1
| #define HAVE_SYS_WAIT_H 1
| #define HAVE_LOCALE_H 1
| /* end confdefs.h.  */
| #include <stdio.h>
| #if HAVE_SYS_TYPES_H
| # include <sys/types.h>
| #endif
| #if HAVE_SYS_STAT_H
| # include <sys/stat.h>
| #endif
| #if STDC_HEADERS
| # include <stdlib.h>
| # include <stddef.h>
| #else
| # if HAVE_STDLIB_H
| #  include <stdlib.h>
| # endif
| #endif
| #if HAVE_STRING_H
| # if !STDC_HEADERS && HAVE_MEMORY_H
| #  include <memory.h>
| # endif
| # include <string.h>
| #endif
| #if HAVE_STRINGS_H
| # include <strings.h>
| #endif
| #if HAVE_INTTYPES_H
| # include <inttypes.h>
| #else
| # if HAVE_STDINT_H
| #  include <stdint.h>
| # endif
| #endif
| #if HAVE_UNISTD_H
| # include <unistd.h>
| #endif
| #include <libintl.h>
configure:7602: result: no
configure:7606: checking libintl.h presence
configure:7616: /opt/buildroot-gcc342/bin/mipsel-linux-gcc -E  conftest.c
conftest.c:32:21: libintl.h: No such file or directory
configure:7622: $? = 1
configure: failed program was:
| /* confdefs.h.  */
| 
| #define PACKAGE_NAME "flex"
| #define PACKAGE_TARNAME "flex"
| #define PACKAGE_VERSION "2.5.33"
| #define PACKAGE_STRING "flex 2.5.33"
| #define PACKAGE_BUGREPORT "flex-help@lists.sourceforge.net"
| #define PACKAGE "flex"
| #define VERSION "2.5.33"
| #ifdef __cplusplus
| extern "C" void std::exit (int) throw (); using std::exit;
| #endif
| #define M4 "/usr/bin/m4"
| #define HAVE_LIBM 1
| #define STDC_HEADERS 1
| #define HAVE_SYS_TYPES_H 1
| #define HAVE_SYS_STAT_H 1
| #define HAVE_STDLIB_H 1
| #define HAVE_STRING_H 1
| #define HAVE_MEMORY_H 1
| #define HAVE_STRINGS_H 1
| #define HAVE_INTTYPES_H 1
| #define HAVE_STDINT_H 1
| #define HAVE_UNISTD_H 1
| #define HAVE_UNISTD_H 1
| #define HAVE_STDBOOL_H 1
| #define HAVE_NETINET_IN_H 1
| #define HAVE_LIMITS_H 1
| #define HAVE_SYS_WAIT_H 1
| #define HAVE_LOCALE_H 1
| /* end confdefs.h.  */
| #include <libintl.h>
configure:7642: result: no
configure:7677: checking for libintl.h
configure:7684: result: no
configure:7711: checking regex.h usability
configure:7723: /opt/buildroot-gcc342/bin/mipsel-linux-gcc -c -g -O2  conftest.c >&5
configure:7729: $? = 0
configure:7733: test -z 
			 || test ! -s conftest.err
configure:7736: $? = 0
configure:7739: test -s conftest.o
configure:7742: $? = 0
configure:7752: result: yes
configure:7756: checking regex.h presence
configure:7766: /opt/buildroot-gcc342/bin/mipsel-linux-gcc -E  conftest.c
configure:7772: $? = 0
configure:7792: result: yes
configure:7827: checking for regex.h
configure:7834: result: yes
configure:7849: checking for size_t
configure:7873: /opt/buildroot-gcc342/bin/mipsel-linux-gcc -c -g -O2  conftest.c >&5
configure:7879: $? = 0
configure:7883: test -z 
			 || test ! -s conftest.err
configure:7886: $? = 0
configure:7889: test -s conftest.o
configure:7892: $? = 0
configure:7903: result: yes
configure:7917: checking whether __func__ is declared
configure:7941: /opt/buildroot-gcc342/bin/mipsel-linux-gcc -c -g -O2  conftest.c >&5
configure:7947: $? = 0
configure:7951: test -z 
			 || test ! -s conftest.err
configure:7954: $? = 0
configure:7957: test -s conftest.o
configure:7960: $? = 0
configure:7971: result: yes
configure:8116: creating ./config.status

## ---------------------- ##
## Running config.status. ##
## ---------------------- ##

This file was extended by flex config.status 2.5.33, which was
generated by GNU Autoconf 2.59.  Invocation command line was

  CONFIG_FILES    = 
  CONFIG_HEADERS  = 
  CONFIG_LINKS    = 
  CONFIG_COMMANDS = 
  $ ./config.status 

on localhost.localdomain

config.status:781: creating flex.spec
config.status:781: creating Makefile
config.status:781: creating doc/Makefile
config.status:781: creating examples/Makefile
config.status:781: creating examples/fastwc/Makefile
config.status:781: creating examples/manual/Makefile
config.status:781: creating m4/Makefile
config.status:781: creating po/Makefile.in
config.status:781: creating tools/Makefile
config.status:781: creating tests/Makefile
config.status:781: creating tests/TEMPLATE/Makefile
config.status:781: creating tests/test-array-nr/Makefile
config.status:781: creating tests/test-array-r/Makefile
config.status:781: creating tests/test-basic-nr/Makefile
config.status:781: creating tests/test-basic-r/Makefile
config.status:781: creating tests/test-bison-yylloc/Makefile
config.status:781: creating tests/test-bison-yylval/Makefile
config.status:781: creating tests/test-c-cpp-nr/Makefile
config.status:781: creating tests/test-c-cpp-r/Makefile
config.status:781: creating tests/test-header-nr/Makefile
config.status:781: creating tests/test-header-r/Makefile
config.status:781: creating tests/test-include-by-buffer/Makefile
config.status:781: creating tests/test-include-by-push/Makefile
config.status:781: creating tests/test-include-by-reentrant/Makefile
config.status:781: creating tests/test-multiple-scanners-nr/Makefile
config.status:781: creating tests/test-multiple-scanners-r/Makefile
config.status:781: creating tests/test-noansi-nr/Makefile
config.status:781: creating tests/test-noansi-r/Makefile
config.status:781: creating tests/test-prefix-nr/Makefile
config.status:781: creating tests/test-prefix-r/Makefile
config.status:781: creating tests/test-pthread/Makefile
config.status:781: creating tests/test-string-nr/Makefile
config.status:781: creating tests/test-string-r/Makefile
config.status:781: creating tests/test-yyextra/Makefile
config.status:781: creating tests/test-lineno-nr/Makefile
config.status:781: creating tests/test-lineno-r/Makefile
config.status:781: creating tests/test-linedir-r/Makefile
config.status:781: creating tests/test-debug-r/Makefile
config.status:781: creating tests/test-debug-nr/Makefile
config.status:781: creating tests/test-mem-nr/Makefile
config.status:781: creating tests/test-mem-r/Makefile
config.status:781: creating tests/test-posix/Makefile
config.status:781: creating tests/test-posixly-correct/Makefile
config.status:781: creating tests/test-table-opts/Makefile
config.status:781: creating tests/test-c++-basic/Makefile
config.status:781: creating tests/test-bison-nr/Makefile
config.status:781: creating tests/test-reject/Makefile
config.status:781: creating tests/test-c++-multiple-scanners/Makefile
config.status:781: creating tests/test-top/Makefile
config.status:781: creating tests/test-rescan-nr/Makefile
config.status:781: creating tests/test-rescan-r/Makefile
config.status:885: creating config.h
config.status:1009: config.h is unchanged
config.status:1189: executing default-1 commands
config.status:1189: executing depfiles commands

## ---------------- ##
## Cache variables. ##
## ---------------- ##

ac_cv_build=i686-pc-linux-gnu
ac_cv_build_alias=i686-pc-linux-gnu
ac_cv_c_compiler_gnu=yes
ac_cv_cxx_compiler_gnu=yes
ac_cv_env_CC_set=set
ac_cv_env_CC_value=/opt/buildroot-gcc342/bin/mipsel-linux-gcc
ac_cv_env_CFLAGS_set=
ac_cv_env_CFLAGS_value=
ac_cv_env_CPPFLAGS_set=
ac_cv_env_CPPFLAGS_value=
ac_cv_env_CPP_set=
ac_cv_env_CPP_value=
ac_cv_env_CXXFLAGS_set=
ac_cv_env_CXXFLAGS_value=
ac_cv_env_CXX_set=
ac_cv_env_CXX_value=
ac_cv_env_LDFLAGS_set=
ac_cv_env_LDFLAGS_value=
ac_cv_env_build_alias_set=
ac_cv_env_build_alias_value=
ac_cv_env_host_alias_set=set
ac_cv_env_host_alias_value=mipsel-linux
ac_cv_env_target_alias_set=
ac_cv_env_target_alias_value=
ac_cv_exeext=
ac_cv_have_decl___func__=yes
ac_cv_header_cunistd=no
ac_cv_header_inttypes_h=yes
ac_cv_header_libintl_h=no
ac_cv_header_limits_h=yes
ac_cv_header_locale_h=yes
ac_cv_header_memory_h=yes
ac_cv_header_netinet_in_h=yes
ac_cv_header_regex_h=yes
ac_cv_header_stdbool_h=yes
ac_cv_header_stdc=yes
ac_cv_header_stdint_h=yes
ac_cv_header_stdlib_h=yes
ac_cv_header_string_h=yes
ac_cv_header_strings_h=yes
ac_cv_header_sys_params_h=no
ac_cv_header_sys_stat_h=yes
ac_cv_header_sys_types_h=yes
ac_cv_header_sys_wait_h=yes
ac_cv_header_unistd_h=yes
ac_cv_host=mipsel-unknown-linux-gnu
ac_cv_host_alias=mipsel-linux
ac_cv_lib_fl_yywrap=no
ac_cv_lib_l_yywrap=no
ac_cv_lib_m_log=yes
ac_cv_objext=o
ac_cv_path_BISON=/usr/bin/bison
ac_cv_path_GMSGFMT=/usr/bin/msgfmt
ac_cv_path_HELP2MAN=help2man
ac_cv_path_INDENT=/usr/bin/indent
ac_cv_path_M4=/usr/bin/m4
ac_cv_path_MSGFMT=/usr/bin/msgfmt
ac_cv_path_MSGMERGE=/usr/bin/msgmerge
ac_cv_path_XGETTEXT=/usr/bin/xgettext
ac_cv_path_install='/usr/bin/install -c'
ac_cv_prog_AWK=gawk
ac_cv_prog_CC=/opt/buildroot-gcc342/bin/mipsel-linux-gcc
ac_cv_prog_CPP='/opt/buildroot-gcc342/bin/mipsel-linux-gcc -E'
ac_cv_prog_LEX=flex
ac_cv_prog_YACC='bison -y'
ac_cv_prog_ac_ct_CXX=g++
ac_cv_prog_ac_ct_RANLIB=ranlib
ac_cv_prog_ac_ct_STRIP=strip
ac_cv_prog_cc_g=yes
ac_cv_prog_cc_stdc=
ac_cv_prog_cxx_g=yes
ac_cv_prog_egrep='grep -E'
ac_cv_prog_lex_root=lex.yy
ac_cv_prog_lex_yytext_pointer=no
ac_cv_prog_make_make_set=yes
ac_cv_type_size_t=yes
acl_cv_hardcode_direct=no
acl_cv_hardcode_libdir_flag_spec='${wl}-rpath ${wl}$libdir'
acl_cv_hardcode_libdir_separator=
acl_cv_hardcode_minus_L=no
acl_cv_libext=a
acl_cv_path_LD=/opt/buildroot-gcc342/mipsel-linux-uclibc/bin/ld
acl_cv_prog_gnu_ld=yes
acl_cv_rpath=done
acl_cv_shlibext=so
acl_cv_wl=-Wl,
am_cv_CC_dependencies_compiler_type=gcc3
am_cv_CXX_dependencies_compiler_type=gcc3
am_cv_func_iconv='no, consider installing GNU libiconv'
am_cv_lib_iconv=no
gt_cv_func_gnugettext1_libc=no
gt_cv_func_gnugettext1_libintl=no

## ----------------- ##
## Output variables. ##
## ----------------- ##

ACLOCAL='${SHELL} /home/terence/Belkin_F5D8235-4_v2000_20081113_SDK3200/Belkin_F5D8235-4_v2000_20081112_SDK3200/user/flex-2.5.33/missing --run aclocal-1.7'
AMDEPBACKSLASH='\'
AMDEP_FALSE='#'
AMDEP_TRUE=''
AMTAR='${SHELL} /home/terence/Belkin_F5D8235-4_v2000_20081113_SDK3200/Belkin_F5D8235-4_v2000_20081112_SDK3200/user/flex-2.5.33/missing --run tar'
AUTOCONF='${SHELL} /home/terence/Belkin_F5D8235-4_v2000_20081113_SDK3200/Belkin_F5D8235-4_v2000_20081112_SDK3200/user/flex-2.5.33/missing --run autoconf'
AUTOHEADER='${SHELL} /home/terence/Belkin_F5D8235-4_v2000_20081113_SDK3200/Belkin_F5D8235-4_v2000_20081112_SDK3200/user/flex-2.5.33/missing --run autoheader'
AUTOMAKE='${SHELL} /home/terence/Belkin_F5D8235-4_v2000_20081113_SDK3200/Belkin_F5D8235-4_v2000_20081112_SDK3200/user/flex-2.5.33/missing --run automake-1.7'
AWK='gawk'
BISON='/usr/bin/bison'
CC='/opt/buildroot-gcc342/bin/mipsel-linux-gcc'
CCDEPMODE='depmode=gcc3'
CFLAGS='-g -O2'
CPP='/opt/buildroot-gcc342/bin/mipsel-linux-gcc -E'
CPPFLAGS=''
CXX='g++'
CXXDEPMODE='depmode=gcc3'
CXXFLAGS='-g -O2'
CYGPATH_W='echo'
DEFS='-DHAVE_CONFIG_H'
DEPDIR='.deps'
ECHO_C=''
ECHO_N='-n'
ECHO_T=''
EGREP='grep -E'
EXEEXT=''
GMSGFMT='/usr/bin/msgfmt'
HELP2MAN='help2man'
INDENT='/usr/bin/indent'
INSTALL_DATA='${INSTALL} -m 644'
INSTALL_PROGRAM='${INSTALL}'
INSTALL_SCRIPT='${INSTALL}'
INSTALL_STRIP_PROGRAM='${SHELL} $(install_sh) -c -s'
INTLLIBS=''
LDFLAGS=''
LEX='flex'
LEXLIB=''
LEX_OUTPUT_ROOT='lex.yy'
LIBICONV=''
LIBINTL=''
LIBOBJS=''
LIBS='-lm '
LN_S='ln -s'
LTLIBICONV=''
LTLIBINTL=''
LTLIBOBJS=''
M4='/usr/bin/m4'
MAKEINFO='${SHELL} /home/terence/Belkin_F5D8235-4_v2000_20081113_SDK3200/Belkin_F5D8235-4_v2000_20081112_SDK3200/user/flex-2.5.33/missing --run makeinfo'
MKINSTALLDIRS='$(top_builddir)/./mkinstalldirs'
MSGFMT='/usr/bin/msgfmt'
MSGMERGE='/usr/bin/msgmerge'
OBJEXT='o'
PACKAGE='flex'
PACKAGE_BUGREPORT='flex-help@lists.sourceforge.net'
PACKAGE_NAME='flex'
PACKAGE_STRING='flex 2.5.33'
PACKAGE_TARNAME='flex'
PACKAGE_VERSION='2.5.33'
PATH_SEPARATOR=':'
POSUB=''
RANLIB='ranlib'
SET_MAKE=''
SHELL='/bin/sh'
STRIP='strip'
USE_NLS='no'
VERSION='2.5.33'
XGETTEXT='/usr/bin/xgettext'
YACC='bison -y'
ac_ct_CC=''
ac_ct_CXX='g++'
ac_ct_RANLIB='ranlib'
ac_ct_STRIP='strip'
am__fastdepCC_FALSE='#'
am__fastdepCC_TRUE=''
am__fastdepCXX_FALSE='#'
am__fastdepCXX_TRUE=''
am__include='include'
am__leading_dot='.'
am__quote=''
bindir='${exec_prefix}/bin'
build='i686-pc-linux-gnu'
build_alias=''
build_cpu='i686'
build_os='linux-gnu'
build_vendor='pc'
datadir='${prefix}/share'
exec_prefix='${prefix}'
host='mipsel-unknown-linux-gnu'
host_alias='mipsel-linux'
host_cpu='mipsel'
host_os='linux-gnu'
host_vendor='unknown'
includedir='${prefix}/include'
infodir='${prefix}/info'
install_sh='/home/terence/Belkin_F5D8235-4_v2000_20081113_SDK3200/Belkin_F5D8235-4_v2000_20081112_SDK3200/user/flex-2.5.33/install-sh'
libdir='${exec_prefix}/lib'
libexecdir='${exec_prefix}/libexec'
localstatedir='${prefix}/var'
mandir='${prefix}/man'
oldincludedir='/usr/include'
prefix='/usr/local'
program_transform_name='s,x,x,'
sbindir='${exec_prefix}/sbin'
sharedstatedir='${prefix}/com'
sysconfdir='${prefix}/etc'
target_alias=''

## ----------- ##
## confdefs.h. ##
## ----------- ##

#define HAVE_DECL___FUNC__ 1
#define HAVE_INTTYPES_H 1
#define HAVE_LIBM 1
#define HAVE_LIMITS_H 1
#define HAVE_LOCALE_H 1
#define HAVE_MEMORY_H 1
#define HAVE_NETINET_IN_H 1
#define HAVE_REGEX_H 1
#define HAVE_STDBOOL_H 1
#define HAVE_STDINT_H 1
#define HAVE_STDLIB_H 1
#define HAVE_STRINGS_H 1
#define HAVE_STRING_H 1
#define HAVE_SYS_STAT_H 1
#define HAVE_SYS_TYPES_H 1
#define HAVE_SYS_WAIT_H 1
#define HAVE_UNISTD_H 1
#define HAVE_UNISTD_H 1
#define M4 "/usr/bin/m4"
#define PACKAGE "flex"
#define PACKAGE_BUGREPORT "flex-help@lists.sourceforge.net"
#define PACKAGE_NAME "flex"
#define PACKAGE_STRING "flex 2.5.33"
#define PACKAGE_TARNAME "flex"
#define PACKAGE_VERSION "2.5.33"
#define STDC_HEADERS 1
#define VERSION "2.5.33"
#endif
#ifdef __cplusplus
extern "C" void std::exit (int) throw (); using std::exit;

configure: exit 0
